Using pre-set license
Built from '6000.0/staging' branch; Version is '6000.0.48f1 (170d2541580d) revision 1510693'; Using compiler version '193933523'; Build Type 'Release'
OS: 'Windows 11  (10.0.26100) 64bit Professional' Language: 'pt' Physical Memory: 3737 MB
BatchMode: 1, IsHumanControllingUs: 0, StartBugReporterOnCrash: 0, Is64bit: 1, IsPro: 1

COMMAND LINE ARGUMENTS:
C:\Program Files\Unity\Hub\Editor\6000.0.48f1\Editor\Unity.exe
-adb2
-batchMode
-noUpm
-name
AssetImportWorker0
-projectPath
C:/Users/Lenovo/Documents/versaoTCC/versaoTCC
-logFile
Logs/AssetImportWorker0.log
-srvPort
61601
-job-worker-count
1
-background-job-worker-count
8
-gc-helper-count
1
Successfully changed project path to: C:/Users/Lenovo/Documents/versaoTCC/versaoTCC
C:/Users/Lenovo/Documents/versaoTCC/versaoTCC
[UnityMemory] Configuration Parameters - Can be set up in boot.config
    "memorysetup-bucket-allocator-granularity=16"
    "memorysetup-bucket-allocator-bucket-count=8"
    "memorysetup-bucket-allocator-block-size=33554432"
    "memorysetup-bucket-allocator-block-count=8"
    "memorysetup-main-allocator-block-size=16777216"
    "memorysetup-thread-allocator-block-size=16777216"
    "memorysetup-gfx-main-allocator-block-size=16777216"
    "memorysetup-gfx-thread-allocator-block-size=16777216"
    "memorysetup-cache-allocator-block-size=4194304"
    "memorysetup-typetree-allocator-block-size=2097152"
    "memorysetup-profiler-bucket-allocator-granularity=16"
    "memorysetup-profiler-bucket-allocator-bucket-count=8"
    "memorysetup-profiler-bucket-allocator-block-size=33554432"
    "memorysetup-profiler-bucket-allocator-block-count=8"
    "memorysetup-profiler-allocator-block-size=16777216"
    "memorysetup-profiler-editor-allocator-block-size=1048576"
    "memorysetup-temp-allocator-size-main=16777216"
    "memorysetup-job-temp-allocator-block-size=2097152"
    "memorysetup-job-temp-allocator-block-size-background=1048576"
    "memorysetup-job-temp-allocator-reduction-small-platforms=262144"
    "memorysetup-allocator-temp-initial-block-size-main=262144"
    "memorysetup-allocator-temp-initial-block-size-worker=262144"
    "memorysetup-temp-allocator-size-background-worker=32768"
    "memorysetup-temp-allocator-size-job-worker=262144"
    "memorysetup-temp-allocator-size-preload-manager=33554432"
    "memorysetup-temp-allocator-size-nav-mesh-worker=65536"
    "memorysetup-temp-allocator-size-audio-worker=65536"
    "memorysetup-temp-allocator-size-cloud-worker=32768"
    "memorysetup-temp-allocator-size-gi-baking-worker=262144"
    "memorysetup-temp-allocator-size-gi-baking-worker=262144"
    "memorysetup-temp-allocator-size-gi-baking-worker=262144"
    "memorysetup-temp-allocator-size-gi-baking-worker=262144"
    "memorysetup-temp-allocator-size-gi-baking-worker=262144"
    "memorysetup-temp-allocator-size-gfx=262144"
Player connection [4428]  Target information:

Player connection [4428]  * "[IP] 172.30.152.103 [Port] 0 [Flags] 2 [Guid] 2224508252 [EditorId] 2224508252 [Version] 1048832 [Id] WindowsEditor(7,DESKTOP-5JIOCJN) [Debug] 1 [PackageName] WindowsEditor [ProjectName] Editor" 

Player connection [4428] Host joined multi-casting on [225.0.0.222:54997]...
Player connection [4428] Host joined alternative multi-casting on [225.0.0.222:34997]...
JobSystem: Creating JobQueue using job-worker-count value 1
Input System module state changed to: Initialized.
[Physics::Module] Initialized fallback backend.
[Physics::Module] Id: 0xdecafbad
Library Redirect Path: Library/
[Physics::Module] Selected backend.
[Physics::Module] Name: PhysX
[Physics::Module] Id: 0xf2b8ea05
[Physics::Module] SDK Version: 4.1.2
[Physics::Module] Integration Version: 1.0.0
[Physics::Module] Threading Mode: Multi-Threaded
Refreshing native plugins compatible for Editor in 106.22 ms, found 6 plugins.
Preloading 0 native plugins for Editor in 0.00 ms.
Initialize engine version: 6000.0.48f1 (170d2541580d)
[Subsystems] Discovering subsystems at path C:/Program Files/Unity/Hub/Editor/6000.0.48f1/Editor/Data/Resources/UnitySubsystems
[Subsystems] Discovering subsystems at path C:/Users/Lenovo/Documents/versaoTCC/versaoTCC/Assets
GfxDevice: creating device client; kGfxThreadingModeNonThreaded
Direct3D:
    Version:  Direct3D 11.0 [level 11.1]
    Renderer: Intel(R) UHD Graphics 600 (ID=0x3185)
    Vendor:   Intel
    VRAM:     1868 MB
    Driver:   31.0.101.1999
Initialize mono
Mono path[0] = 'C:/Program Files/Unity/Hub/Editor/6000.0.48f1/Editor/Data/Managed'
Mono path[1] = 'C:/Program Files/Unity/Hub/Editor/6000.0.48f1/Editor/Data/MonoBleedingEdge/lib/mono/unityjit-win32'
Mono config path = 'C:/Program Files/Unity/Hub/Editor/6000.0.48f1/Editor/Data/MonoBleedingEdge/etc'
Using monoOptions --debugger-agent=transport=dt_socket,embedding=1,server=y,suspend=n,address=127.0.0.1:56008
Begin MonoManager ReloadAssembly
Registering precompiled unity dll's ...
Register platform support module: C:/Program Files/Unity/Hub/Editor/6000.0.48f1/Editor/Data/PlaybackEngines/WindowsStandaloneSupport/UnityEditor.WindowsStandalone.Extensions.dll
Registered in 0.017623 seconds.
- Loaded All Assemblies, in  3.407 seconds
Native extension for WindowsStandalone target not found
Mono: successfully reloaded assembly
- Finished resetting the current domain, in  1.199 seconds
Domain Reload Profiling: 4485ms
	BeginReloadAssembly (491ms)
		ExecutionOrderSort (0ms)
		DisableScriptedObjects (0ms)
		BackupInstance (0ms)
		ReleaseScriptingObjects (0ms)
		CreateAndSetChildDomain (3ms)
	RebuildCommonClasses (612ms)
	RebuildNativeTypeToScriptingClass (291ms)
	initialDomainReloadingComplete (866ms)
	LoadAllAssembliesAndSetupDomain (1025ms)
		LoadAssemblies (497ms)
		RebuildTransferFunctionScriptingTraits (0ms)
		AnalyzeDomain (969ms)
			TypeCache.Refresh (965ms)
				TypeCache.ScanAssembly (885ms)
			BuildScriptInfoCaches (1ms)
			ResolveRequiredComponents (1ms)
	FinalizeReload (1201ms)
		ReleaseScriptCaches (0ms)
		RebuildScriptCaches (0ms)
		SetupLoadedEditorAssemblies (1111ms)
			LogAssemblyErrors (0ms)
			InitializePlatformSupportModulesInManaged (66ms)
			SetLoadedEditorAssemblies (13ms)
			BeforeProcessingInitializeOnLoad (296ms)
			ProcessInitializeOnLoadAttributes (560ms)
			ProcessInitializeOnLoadMethodAttributes (175ms)
			AfterProcessingInitializeOnLoad (0ms)
			EditorAssembliesLoaded (0ms)
		ExecutionOrderSort2 (0ms)
		AwakeInstancesAfterBackupRestoration (0ms)
========================================================================
Worker process is ready to serve import requests
Import Worker Mode flag is 0x00
Begin MonoManager ReloadAssembly
Symbol file LoadedFromMemory is not a mono symbol file
- Loaded All Assemblies, in  4.376 seconds
Refreshing native plugins compatible for Editor in 48.92 ms, found 6 plugins.
Native extension for WindowsStandalone target not found
Refreshing native plugins compatible for Editor in 20.03 ms, found 6 plugins.
Mono: successfully reloaded assembly
- Finished resetting the current domain, in  3.152 seconds
Domain Reload Profiling: 7492ms
	BeginReloadAssembly (1260ms)
		ExecutionOrderSort (0ms)
		DisableScriptedObjects (18ms)
		BackupInstance (0ms)
		ReleaseScriptingObjects (0ms)
		CreateAndSetChildDomain (141ms)
	RebuildCommonClasses (357ms)
	RebuildNativeTypeToScriptingClass (46ms)
	initialDomainReloadingComplete (80ms)
	LoadAllAssembliesAndSetupDomain (2596ms)
		LoadAssemblies (2346ms)
		RebuildTransferFunctionScriptingTraits (0ms)
		AnalyzeDomain (1156ms)
			TypeCache.Refresh (649ms)
				TypeCache.ScanAssembly (579ms)
			BuildScriptInfoCaches (300ms)
			ResolveRequiredComponents (148ms)
	FinalizeReload (3153ms)
		ReleaseScriptCaches (0ms)
		RebuildScriptCaches (0ms)
		SetupLoadedEditorAssemblies (2799ms)
			LogAssemblyErrors (0ms)
			InitializePlatformSupportModulesInManaged (7ms)
			SetLoadedEditorAssemblies (20ms)
			BeforeProcessingInitializeOnLoad (797ms)
			ProcessInitializeOnLoadAttributes (1118ms)
			ProcessInitializeOnLoadMethodAttributes (837ms)
			AfterProcessingInitializeOnLoad (19ms)
			EditorAssembliesLoaded (1ms)
		ExecutionOrderSort2 (0ms)
		AwakeInstancesAfterBackupRestoration (20ms)
Launched and connected shader compiler UnityShaderCompiler.exe after 0.05 seconds
Refreshing native plugins compatible for Editor in 20.64 ms, found 6 plugins.
Preloading 0 native plugins for Editor in 0.00 ms.
Unloading 33 Unused Serialized files (Serialized files now loaded: 0)
Unloading 3523 unused Assets / (1.0 MB). Loaded Objects now: 3992.
Memory consumption went from 87.7 MB to 86.7 MB.
Total: 33.303800 ms (FindLiveObjects: 1.786800 ms CreateObjectMapping: 0.884200 ms MarkObjects: 27.874500 ms  DeleteObjects: 2.755100 ms)

========================================================================
Received Import Request.
  Time since last request: 425335.414911 seconds.
  path: Assets/Figma/Fonts/Suwannaphum_400_SDF.asset
  artifactKey: Guid(dd0f906c5545313418e1f405fa9cfe74) Importer(815301076,1909f56bfc062723c751e8b465ee728b)
Start importing Assets/Figma/Fonts/Suwannaphum_400_SDF.asset using Guid(dd0f906c5545313418e1f405fa9cfe74) Importer(815301076,1909f56bfc062723c751e8b465ee728b) (PreviewImporter) -> (artifact id: 'd8259e4457be3337ee81ffe63fb56676') in 0.7209042 seconds
Number of updated asset objects reloaded before import = 0Number of asset objects unloaded after import = 6

========================================================================
Received Import Request.
  Time since last request: 68.824025 seconds.
  path: Assets/TelaClassificacao.png
  artifactKey: Guid(ccc7acf6ac1a9e647bcbe6a352ef7e63) Importer(815301076,1909f56bfc062723c751e8b465ee728b)
Start importing Assets/TelaClassificacao.png using Guid(ccc7acf6ac1a9e647bcbe6a352ef7e63) Importer(815301076,1909f56bfc062723c751e8b465ee728b) (PreviewImporter) -> (artifact id: '760cd9e34a93011c8817e2345135c03d') in 10.2722857 seconds
Number of updated asset objects reloaded before import = 0Number of asset objects unloaded after import = 3

========================================================================
Received Import Request.
  Time since last request: 0.000926 seconds.
  path: Assets/TelaMissoes.png
  artifactKey: Guid(48ae8c8a0c648a547978d1761cbc1877) Importer(815301076,1909f56bfc062723c751e8b465ee728b)
Start importing Assets/TelaMissoes.png using Guid(48ae8c8a0c648a547978d1761cbc1877) Importer(815301076,1909f56bfc062723c751e8b465ee728b) (PreviewImporter) -> (artifact id: '462bbda7197b65c05797ad2ec0d849af') in 0.2063473 seconds
Number of updated asset objects reloaded before import = 0Number of asset objects unloaded after import = 3

========================================================================
Received Import Request.
  Time since last request: 0.000410 seconds.
  path: Assets/TelaIdentificação.png
  artifactKey: Guid(874c69dd9c7a0914fb616cce4a989838) Importer(815301076,1909f56bfc062723c751e8b465ee728b)
Start importing Assets/TelaIdentificação.png using Guid(874c69dd9c7a0914fb616cce4a989838) Importer(815301076,1909f56bfc062723c751e8b465ee728b) (PreviewImporter) -> (artifact id: 'd1b0c5a1bdaebd6c145613993388126d') in 3.3219103 seconds
Number of updated asset objects reloaded before import = 0Number of asset objects unloaded after import = 3

========================================================================
Received Import Request.
  Time since last request: 0.000810 seconds.
  path: Assets/TelaIdentificacao.png
  artifactKey: Guid(a4ad78ec130d20d4ebcd51d0ea7b3ee1) Importer(815301076,1909f56bfc062723c751e8b465ee728b)
Start importing Assets/TelaIdentificacao.png using Guid(a4ad78ec130d20d4ebcd51d0ea7b3ee1) Importer(815301076,1909f56bfc062723c751e8b465ee728b) (PreviewImporter) -> (artifact id: '3412d6ff3beb7428108df89cabf6c61e') in 0.4703717 seconds
Number of updated asset objects reloaded before import = 0Number of asset objects unloaded after import = 3

========================================================================
Received Import Request.
  Time since last request: 0.081662 seconds.
  path: Assets/UnityFigmaBridgeSettings.asset
  artifactKey: Guid(a709e80e2cc86a94db3f16b8bda1b630) Importer(815301076,1909f56bfc062723c751e8b465ee728b)
Start importing Assets/UnityFigmaBridgeSettings.asset using Guid(a709e80e2cc86a94db3f16b8bda1b630) Importer(815301076,1909f56bfc062723c751e8b465ee728b) (PreviewImporter) -> (artifact id: '544cff029fa3f39ded87d1d358972f1a') in 0.0085886 seconds
Number of updated asset objects reloaded before import = 0Number of asset objects unloaded after import = 1

========================================================================
Received Import Request.
  Time since last request: 0.132774 seconds.
  path: Assets/TelaEmblemas.png
  artifactKey: Guid(73f1768e6ac2b3a4a9a5e514c3396fa2) Importer(815301076,1909f56bfc062723c751e8b465ee728b)
Start importing Assets/TelaEmblemas.png using Guid(73f1768e6ac2b3a4a9a5e514c3396fa2) Importer(815301076,1909f56bfc062723c751e8b465ee728b) (PreviewImporter) -> (artifact id: 'dc04d5d8e6e4a2b82fa252013d350ff0') in 0.0638998 seconds
Number of updated asset objects reloaded before import = 0Number of asset objects unloaded after import = 3

========================================================================
Received Import Request.
  Time since last request: 0.000741 seconds.
  path: Assets/TelaClassificação.png
  artifactKey: Guid(c712b865fbd4d694b8e1023c73f877ca) Importer(815301076,1909f56bfc062723c751e8b465ee728b)
Start importing Assets/TelaClassificação.png using Guid(c712b865fbd4d694b8e1023c73f877ca) Importer(815301076,1909f56bfc062723c751e8b465ee728b) (PreviewImporter) -> (artifact id: '209d3be2265484c222e5e7ff57536748') in 0.0767191 seconds
Number of updated asset objects reloaded before import = 0Number of asset objects unloaded after import = 3

========================================================================
Received Import Request.
  Time since last request: 380.479834 seconds.
  path: Assets/TextMesh Pro/Resources/Fonts & Materials/LiberationSans SDF.asset
  artifactKey: Guid(8f586378b4e144a9851e7b34d9b748ee) Importer(815301076,1909f56bfc062723c751e8b465ee728b)
Start importing Assets/TextMesh Pro/Resources/Fonts & Materials/LiberationSans SDF.asset using Guid(8f586378b4e144a9851e7b34d9b748ee) Importer(815301076,1909f56bfc062723c751e8b465ee728b) (PreviewImporter) -> (artifact id: '943518e681a3e8b18a83a3a3e06a5c30') in 3.0301552 seconds
Number of updated asset objects reloaded before import = 0Number of asset objects unloaded after import = 9

========================================================================
Received Import Request.
  Time since last request: 0.008171 seconds.
  path: Assets/TextMesh Pro/Resources/Fonts & Materials/LiberationSans SDF - Outline.mat
  artifactKey: Guid(79459efec17a4d00a321bdcc27bbc385) Importer(815301076,1909f56bfc062723c751e8b465ee728b)
Start importing Assets/TextMesh Pro/Resources/Fonts & Materials/LiberationSans SDF - Outline.mat using Guid(79459efec17a4d00a321bdcc27bbc385) Importer(815301076,1909f56bfc062723c751e8b465ee728b) (PreviewImporter) -> (artifact id: 'cdc951a9f46c28da5c971d3e8859013d') in 3.5350904 seconds
Number of updated asset objects reloaded before import = 0Number of asset objects unloaded after import = 2

========================================================================
Received Import Request.
  Time since last request: 0.000333 seconds.
  path: Assets/TextMesh Pro/Resources/Fonts & Materials/LiberationSans SDF - Fallback.asset
  artifactKey: Guid(2e498d1c8094910479dc3e1b768306a4) Importer(815301076,1909f56bfc062723c751e8b465ee728b)
Start importing Assets/TextMesh Pro/Resources/Fonts & Materials/LiberationSans SDF - Fallback.asset using Guid(2e498d1c8094910479dc3e1b768306a4) Importer(815301076,1909f56bfc062723c751e8b465ee728b) (PreviewImporter) -> (artifact id: '29322be254e502b2c620ff6a39c48d63') in 0.1183801 seconds
Number of updated asset objects reloaded before import = 0Number of asset objects unloaded after import = 6

========================================================================
Received Import Request.
  Time since last request: 0.000529 seconds.
  path: Assets/TextMesh Pro/Resources/Fonts & Materials/LiberationSans SDF - Drop Shadow.mat
  artifactKey: Guid(e73a58f6e2794ae7b1b7e50b7fb811b0) Importer(815301076,1909f56bfc062723c751e8b465ee728b)
Start importing Assets/TextMesh Pro/Resources/Fonts & Materials/LiberationSans SDF - Drop Shadow.mat using Guid(e73a58f6e2794ae7b1b7e50b7fb811b0) Importer(815301076,1909f56bfc062723c751e8b465ee728b) (PreviewImporter) -> (artifact id: '787ad165a7e13b4fa6e4469054f1b078') in 4.2587834 seconds
Number of updated asset objects reloaded before import = 0Number of asset objects unloaded after import = 2

========================================================================
Received Import Request.
  Time since last request: 64.470861 seconds.
  path: Assets/Scenes/Opcoes.unity
  artifactKey: Guid(9cb75ac55965245e39bc582c3185da8c) Importer(815301076,1909f56bfc062723c751e8b465ee728b)
Start importing Assets/Scenes/Opcoes.unity using Guid(9cb75ac55965245e39bc582c3185da8c) Importer(815301076,1909f56bfc062723c751e8b465ee728b) (PreviewImporter) -> (artifact id: '1e48c11cb405537ae668d300e65b21b3') in 0.0120388 seconds
Number of updated asset objects reloaded before import = 0Number of asset objects unloaded after import = 0

========================================================================
Received Import Request.
  Time since last request: 43.523010 seconds.
  path: Assets/Scenes/Sistemas.unity
  artifactKey: Guid(9b2abb8d21e0f234596f15a6211acf2a) Importer(815301076,1909f56bfc062723c751e8b465ee728b)
Start importing Assets/Scenes/Sistemas.unity using Guid(9b2abb8d21e0f234596f15a6211acf2a) Importer(815301076,1909f56bfc062723c751e8b465ee728b) (PreviewImporter) -> (artifact id: '7704fba8088dcd41b7d89801c5b15de4') in 0.0132882 seconds
Number of updated asset objects reloaded before import = 0Number of asset objects unloaded after import = 0

========================================================================
Received Import Request.
  Time since last request: 9.689453 seconds.
  path: Assets/Scenes/Conquistas.unity
  artifactKey: Guid(dc00d30580a690a498a6f47c7a934982) Importer(815301076,1909f56bfc062723c751e8b465ee728b)
Start importing Assets/Scenes/Conquistas.unity using Guid(dc00d30580a690a498a6f47c7a934982) Importer(815301076,1909f56bfc062723c751e8b465ee728b) (PreviewImporter) -> (artifact id: '3d9419683f04efdcb8dd8f552298293a') in 0.0143358 seconds
Number of updated asset objects reloaded before import = 0Number of asset objects unloaded after import = 0

========================================================================
Received Import Request.
  Time since last request: 3.746028 seconds.
  path: Assets/Scenes/Aquisicoes.unity
  artifactKey: Guid(f4c78d82d7b749b47a34cb8483fb01c4) Importer(815301076,1909f56bfc062723c751e8b465ee728b)
Start importing Assets/Scenes/Aquisicoes.unity using Guid(f4c78d82d7b749b47a34cb8483fb01c4) Importer(815301076,1909f56bfc062723c751e8b465ee728b) (PreviewImporter) -> (artifact id: '4ab1d02fadcd4db7a108ca1a84e4170b') in 0.0183942 seconds
Number of updated asset objects reloaded before import = 0Number of asset objects unloaded after import = 0

========================================================================
Received Import Request.
  Time since last request: 483.365552 seconds.
  path: Assets/Scenes/Class 1.unity
  artifactKey: Guid(e6401537ded0d1548b6f408ae610f4dd) Importer(815301076,1909f56bfc062723c751e8b465ee728b)
Start importing Assets/Scenes/Class 1.unity using Guid(e6401537ded0d1548b6f408ae610f4dd) Importer(815301076,1909f56bfc062723c751e8b465ee728b) (PreviewImporter) -> (artifact id: '93414902dfa159f746dd0a9c770bedaa') in 0.0190987 seconds
Number of updated asset objects reloaded before import = 0Number of asset objects unloaded after import = 0

========================================================================
Received Import Request.
  Time since last request: 236.124081 seconds.
  path: Assets/Scenes/Help.unity
  artifactKey: Guid(0198713c00a87a14a9faef89e0d0a117) Importer(815301076,1909f56bfc062723c751e8b465ee728b)
Start importing Assets/Scenes/Help.unity using Guid(0198713c00a87a14a9faef89e0d0a117) Importer(815301076,1909f56bfc062723c751e8b465ee728b) (PreviewImporter) -> (artifact id: 'caf75c99bfb790a5cb2cc00385a389f0') in 0.0842782 seconds
Number of updated asset objects reloaded before import = 0Number of asset objects unloaded after import = 0

========================================================================
Received Import Request.
  Time since last request: 31.748234 seconds.
  path: Assets/Scenes/Identificacao.unity
  artifactKey: Guid(48ea5baaf64033d49b240817a2efbbf6) Importer(815301076,1909f56bfc062723c751e8b465ee728b)
Start importing Assets/Scenes/Identificacao.unity using Guid(48ea5baaf64033d49b240817a2efbbf6) Importer(815301076,1909f56bfc062723c751e8b465ee728b) (PreviewImporter) -> (artifact id: '80dbe4512ce7ffa04840984deb0c3bb2') in 0.0343414 seconds
Number of updated asset objects reloaded before import = 0Number of asset objects unloaded after import = 0

========================================================================
Received Import Request.
  Time since last request: 123.033989 seconds.
  path: Assets/Scenes/Inicio.unity
  artifactKey: Guid(49b310ae2ea3fc1499d6c782fabc32cd) Importer(815301076,1909f56bfc062723c751e8b465ee728b)
Start importing Assets/Scenes/Inicio.unity using Guid(49b310ae2ea3fc1499d6c782fabc32cd) Importer(815301076,1909f56bfc062723c751e8b465ee728b) (PreviewImporter) -> (artifact id: '6b1bcbdc5c98b317c87b5d035e12532d') in 0.0292644 seconds
Number of updated asset objects reloaded before import = 0Number of asset objects unloaded after import = 0

========================================================================
Received Import Request.
  Time since last request: 113.382872 seconds.
  path: Assets/Scenes/MatDourado.unity
  artifactKey: Guid(8778e4ca32c4cad49bf89f02ebc55be7) Importer(815301076,1909f56bfc062723c751e8b465ee728b)
Start importing Assets/Scenes/MatDourado.unity using Guid(8778e4ca32c4cad49bf89f02ebc55be7) Importer(815301076,1909f56bfc062723c751e8b465ee728b) (PreviewImporter) -> (artifact id: '0eb2a6740c1af43cd1b199508bba2dbf') in 0.0281043 seconds
Number of updated asset objects reloaded before import = 0Number of asset objects unloaded after import = 0

========================================================================
Received Import Request.
  Time since last request: 14.004220 seconds.
  path: Assets/Scenes/MatDourado2.unity
  artifactKey: Guid(e1d1f32e9c573a94c8bf195d55113af9) Importer(815301076,1909f56bfc062723c751e8b465ee728b)
Start importing Assets/Scenes/MatDourado2.unity using Guid(e1d1f32e9c573a94c8bf195d55113af9) Importer(815301076,1909f56bfc062723c751e8b465ee728b) (PreviewImporter) -> (artifact id: '50f5b9aa1bf730206be33517bb9262d1') in 0.015669 seconds
Number of updated asset objects reloaded before import = 0Number of asset objects unloaded after import = 0

========================================================================
Received Import Request.
  Time since last request: 20.879251 seconds.
  path: Assets/Scenes/MatDouradoRomanos.unity
  artifactKey: Guid(73579ecdc85ac5a46935faaa28504ccd) Importer(815301076,1909f56bfc062723c751e8b465ee728b)
Start importing Assets/Scenes/MatDouradoRomanos.unity using Guid(73579ecdc85ac5a46935faaa28504ccd) Importer(815301076,1909f56bfc062723c751e8b465ee728b) (PreviewImporter) -> (artifact id: '0935ee0995b793029dbac5d9fe022aa8') in 0.0227493 seconds
Number of updated asset objects reloaded before import = 0Number of asset objects unloaded after import = 0

========================================================================
Received Import Request.
  Time since last request: 13.064568 seconds.
  path: Assets/Scenes/Missoes.unity
  artifactKey: Guid(2b903e2df691d814a91e576dde6b73cf) Importer(815301076,1909f56bfc062723c751e8b465ee728b)
Start importing Assets/Scenes/Missoes.unity using Guid(2b903e2df691d814a91e576dde6b73cf) Importer(815301076,1909f56bfc062723c751e8b465ee728b) (PreviewImporter) -> (artifact id: 'cd9a3b438a5241ebf5403a15e6e0c8dc') in 0.0049795 seconds
Number of updated asset objects reloaded before import = 0Number of asset objects unloaded after import = 0

========================================================================
Received Import Request.
  Time since last request: 38.102962 seconds.
  path: Assets/Scenes/Naturais.unity
  artifactKey: Guid(98498927eaa567a4aa3c035ffec1b8ab) Importer(815301076,1909f56bfc062723c751e8b465ee728b)
Start importing Assets/Scenes/Naturais.unity using Guid(98498927eaa567a4aa3c035ffec1b8ab) Importer(815301076,1909f56bfc062723c751e8b465ee728b) (PreviewImporter) -> (artifact id: 'd5430abdbf7779e5ef5c6d733486a81a') in 0.0059518 seconds
Number of updated asset objects reloaded before import = 0Number of asset objects unloaded after import = 0

========================================================================
Received Import Request.
  Time since last request: 31.876960 seconds.
  path: Assets/Scenes/Romanos.unity
  artifactKey: Guid(b572fc5f14587134b8c8f5a5d6616d35) Importer(815301076,1909f56bfc062723c751e8b465ee728b)
Start importing Assets/Scenes/Romanos.unity using Guid(b572fc5f14587134b8c8f5a5d6616d35) Importer(815301076,1909f56bfc062723c751e8b465ee728b) (PreviewImporter) -> (artifact id: 'cdd34cdc9cfd792d45358b691e4d8c29') in 0.0098933 seconds
Number of updated asset objects reloaded before import = 0Number of asset objects unloaded after import = 0

========================================================================
Received Import Request.
  Time since last request: 24.143836 seconds.
  path: Assets/Scenes/op2.unity
  artifactKey: Guid(1c84564ab6d0d264a9b7603d9d18b3ff) Importer(815301076,1909f56bfc062723c751e8b465ee728b)
Start importing Assets/Scenes/op2.unity using Guid(1c84564ab6d0d264a9b7603d9d18b3ff) Importer(815301076,1909f56bfc062723c751e8b465ee728b) (PreviewImporter) -> (artifact id: '22c1462471db97077fbc6b3afd6aa043') in 0.0111887 seconds
Number of updated asset objects reloaded before import = 0Number of asset objects unloaded after import = 0

========================================================================
Received Import Request.
  Time since last request: 95.196239 seconds.
  path: Assets/Scenes/selecao.unity
  artifactKey: Guid(4187edf9fceace1478ecbbd1b535bfe6) Importer(815301076,1909f56bfc062723c751e8b465ee728b)
Start importing Assets/Scenes/selecao.unity using Guid(4187edf9fceace1478ecbbd1b535bfe6) Importer(815301076,1909f56bfc062723c751e8b465ee728b) (PreviewImporter) -> (artifact id: '943ced6d6413916bf73d7292e6df726c') in 0.0148898 seconds
Number of updated asset objects reloaded before import = 0Number of asset objects unloaded after import = 0

========================================================================
Received Import Request.
  Time since last request: 56.481362 seconds.
  path: Assets/Scenes/Romanos.unity
  artifactKey: Guid(b572fc5f14587134b8c8f5a5d6616d35) Importer(815301076,1909f56bfc062723c751e8b465ee728b)
Start importing Assets/Scenes/Romanos.unity using Guid(b572fc5f14587134b8c8f5a5d6616d35) Importer(815301076,1909f56bfc062723c751e8b465ee728b) (PreviewImporter) -> (artifact id: '9476c48b756d59435a81ed89303d1842') in 0.018067 seconds
Number of updated asset objects reloaded before import = 0Number of asset objects unloaded after import = 0

========================================================================
Received Import Request.
  Time since last request: 8.185411 seconds.
  path: Assets/Scenes/Sistemas.unity
  artifactKey: Guid(9b2abb8d21e0f234596f15a6211acf2a) Importer(815301076,1909f56bfc062723c751e8b465ee728b)
Start importing Assets/Scenes/Sistemas.unity using Guid(9b2abb8d21e0f234596f15a6211acf2a) Importer(815301076,1909f56bfc062723c751e8b465ee728b) (PreviewImporter) -> (artifact id: '4fe35d786d13473fdf6ca49245d6f32f') in 0.0411201 seconds
Number of updated asset objects reloaded before import = 0Number of asset objects unloaded after import = 0

========================================================================
Received Import Request.
  Time since last request: 74.589511 seconds.
  path: Assets/Scenes/Opcoes.unity
  artifactKey: Guid(9cb75ac55965245e39bc582c3185da8c) Importer(815301076,1909f56bfc062723c751e8b465ee728b)
Start importing Assets/Scenes/Opcoes.unity using Guid(9cb75ac55965245e39bc582c3185da8c) Importer(815301076,1909f56bfc062723c751e8b465ee728b) (PreviewImporter) -> (artifact id: '5691a9598f919b02c3c65da384aae469') in 0.0040318 seconds
Number of updated asset objects reloaded before import = 0Number of asset objects unloaded after import = 0

