Using pre-set license
Built from '6000.0/staging' branch; Version is '6000.0.48f1 (170d2541580d) revision 1510693'; Using compiler version '193933523'; Build Type 'Release'
OS: 'Windows 11  (10.0.26100) 64bit Professional' Language: 'pt' Physical Memory: 3737 MB
BatchMode: 1, IsHumanControllingUs: 0, StartBugReporterOnCrash: 0, Is64bit: 1, IsPro: 1

COMMAND LINE ARGUMENTS:
C:\Program Files\Unity\Hub\Editor\6000.0.48f1\Editor\Unity.exe
-adb2
-batchMode
-noUpm
-name
AssetImportWorker1
-projectPath
C:/Users/Lenovo/Documents/versaoTCC/versaoTCC
-logFile
Logs/AssetImportWorker1.log
-srvPort
61719
-job-worker-count
1
-background-job-worker-count
8
-gc-helper-count
1
Successfully changed project path to: C:/Users/Lenovo/Documents/versaoTCC/versaoTCC
C:/Users/Lenovo/Documents/versaoTCC/versaoTCC
[UnityMemory] Configuration Parameters - Can be set up in boot.config
    "memorysetup-bucket-allocator-granularity=16"
    "memorysetup-bucket-allocator-bucket-count=8"
    "memorysetup-bucket-allocator-block-size=33554432"
    "memorysetup-bucket-allocator-block-count=8"
    "memorysetup-main-allocator-block-size=16777216"
    "memorysetup-thread-allocator-block-size=16777216"
    "memorysetup-gfx-main-allocator-block-size=16777216"
    "memorysetup-gfx-thread-allocator-block-size=16777216"
    "memorysetup-cache-allocator-block-size=4194304"
    "memorysetup-typetree-allocator-block-size=2097152"
    "memorysetup-profiler-bucket-allocator-granularity=16"
    "memorysetup-profiler-bucket-allocator-bucket-count=8"
    "memorysetup-profiler-bucket-allocator-block-size=33554432"
    "memorysetup-profiler-bucket-allocator-block-count=8"
    "memorysetup-profiler-allocator-block-size=16777216"
    "memorysetup-profiler-editor-allocator-block-size=1048576"
    "memorysetup-temp-allocator-size-main=16777216"
    "memorysetup-job-temp-allocator-block-size=2097152"
    "memorysetup-job-temp-allocator-block-size-background=1048576"
    "memorysetup-job-temp-allocator-reduction-small-platforms=262144"
    "memorysetup-allocator-temp-initial-block-size-main=262144"
    "memorysetup-allocator-temp-initial-block-size-worker=262144"
    "memorysetup-temp-allocator-size-background-worker=32768"
    "memorysetup-temp-allocator-size-job-worker=262144"
    "memorysetup-temp-allocator-size-preload-manager=33554432"
    "memorysetup-temp-allocator-size-nav-mesh-worker=65536"
    "memorysetup-temp-allocator-size-audio-worker=65536"
    "memorysetup-temp-allocator-size-cloud-worker=32768"
    "memorysetup-temp-allocator-size-gi-baking-worker=262144"
    "memorysetup-temp-allocator-size-gi-baking-worker=262144"
    "memorysetup-temp-allocator-size-gi-baking-worker=262144"
    "memorysetup-temp-allocator-size-gi-baking-worker=262144"
    "memorysetup-temp-allocator-size-gi-baking-worker=262144"
    "memorysetup-temp-allocator-size-gfx=262144"
Player connection [4868]  Target information:

Player connection [4868]  * "[IP] 172.30.152.103 [Port] 0 [Flags] 2 [Guid] 397228199 [EditorId] 397228199 [Version] 1048832 [Id] WindowsEditor(7,DESKTOP-5JIOCJN) [Debug] 1 [PackageName] WindowsEditor [ProjectName] Editor" 

Player connection [4868] Host joined multi-casting on [225.0.0.222:54997]...
Player connection [4868] Host joined alternative multi-casting on [225.0.0.222:34997]...
JobSystem: Creating JobQueue using job-worker-count value 1
Input System module state changed to: Initialized.
[Physics::Module] Initialized fallback backend.
[Physics::Module] Id: 0xdecafbad
Library Redirect Path: Library/
[Physics::Module] Selected backend.
[Physics::Module] Name: PhysX
[Physics::Module] Id: 0xf2b8ea05
[Physics::Module] SDK Version: 4.1.2
[Physics::Module] Integration Version: 1.0.0
[Physics::Module] Threading Mode: Multi-Threaded
Refreshing native plugins compatible for Editor in 113.98 ms, found 6 plugins.
Preloading 0 native plugins for Editor in 0.00 ms.
Initialize engine version: 6000.0.48f1 (170d2541580d)
[Subsystems] Discovering subsystems at path C:/Program Files/Unity/Hub/Editor/6000.0.48f1/Editor/Data/Resources/UnitySubsystems
[Subsystems] Discovering subsystems at path C:/Users/Lenovo/Documents/versaoTCC/versaoTCC/Assets
GfxDevice: creating device client; kGfxThreadingModeNonThreaded
Direct3D:
    Version:  Direct3D 11.0 [level 11.1]
    Renderer: Intel(R) UHD Graphics 600 (ID=0x3185)
    Vendor:   Intel
    VRAM:     1868 MB
    Driver:   31.0.101.1999
Initialize mono
Mono path[0] = 'C:/Program Files/Unity/Hub/Editor/6000.0.48f1/Editor/Data/Managed'
Mono path[1] = 'C:/Program Files/Unity/Hub/Editor/6000.0.48f1/Editor/Data/MonoBleedingEdge/lib/mono/unityjit-win32'
Mono config path = 'C:/Program Files/Unity/Hub/Editor/6000.0.48f1/Editor/Data/MonoBleedingEdge/etc'
Using monoOptions --debugger-agent=transport=dt_socket,embedding=1,server=y,suspend=n,address=127.0.0.1:56144
Begin MonoManager ReloadAssembly
Registering precompiled unity dll's ...
Register platform support module: C:/Program Files/Unity/Hub/Editor/6000.0.48f1/Editor/Data/PlaybackEngines/WindowsStandaloneSupport/UnityEditor.WindowsStandalone.Extensions.dll
Registered in 0.017108 seconds.
- Loaded All Assemblies, in  4.028 seconds
Native extension for WindowsStandalone target not found
Mono: successfully reloaded assembly
- Finished resetting the current domain, in  2.873 seconds
Domain Reload Profiling: 6817ms
	BeginReloadAssembly (1294ms)
		ExecutionOrderSort (0ms)
		DisableScriptedObjects (0ms)
		BackupInstance (0ms)
		ReleaseScriptingObjects (0ms)
		CreateAndSetChildDomain (5ms)
	RebuildCommonClasses (938ms)
	RebuildNativeTypeToScriptingClass (334ms)
	initialDomainReloadingComplete (387ms)
	LoadAllAssembliesAndSetupDomain (989ms)
		LoadAssemblies (1299ms)
		RebuildTransferFunctionScriptingTraits (0ms)
		AnalyzeDomain (923ms)
			TypeCache.Refresh (919ms)
				TypeCache.ScanAssembly (867ms)
			BuildScriptInfoCaches (1ms)
			ResolveRequiredComponents (1ms)
	FinalizeReload (2875ms)
		ReleaseScriptCaches (0ms)
		RebuildScriptCaches (0ms)
		SetupLoadedEditorAssemblies (2677ms)
			LogAssemblyErrors (0ms)
			InitializePlatformSupportModulesInManaged (74ms)
			SetLoadedEditorAssemblies (12ms)
			BeforeProcessingInitializeOnLoad (1651ms)
			ProcessInitializeOnLoadAttributes (773ms)
			ProcessInitializeOnLoadMethodAttributes (166ms)
			AfterProcessingInitializeOnLoad (0ms)
			EditorAssembliesLoaded (0ms)
		ExecutionOrderSort2 (0ms)
		AwakeInstancesAfterBackupRestoration (0ms)
========================================================================
Worker process is ready to serve import requests
Import Worker Mode flag is 0x00
Begin MonoManager ReloadAssembly
Symbol file LoadedFromMemory is not a mono symbol file
- Loaded All Assemblies, in  3.775 seconds
Refreshing native plugins compatible for Editor in 664.17 ms, found 6 plugins.
Native extension for WindowsStandalone target not found
Refreshing native plugins compatible for Editor in 144.90 ms, found 6 plugins.
Mono: successfully reloaded assembly
- Finished resetting the current domain, in  9.419 seconds
Domain Reload Profiling: 13146ms
	BeginReloadAssembly (548ms)
		ExecutionOrderSort (0ms)
		DisableScriptedObjects (27ms)
		BackupInstance (0ms)
		ReleaseScriptingObjects (0ms)
		CreateAndSetChildDomain (84ms)
	RebuildCommonClasses (145ms)
	RebuildNativeTypeToScriptingClass (46ms)
	initialDomainReloadingComplete (89ms)
	LoadAllAssembliesAndSetupDomain (2898ms)
		LoadAssemblies (2270ms)
		RebuildTransferFunctionScriptingTraits (0ms)
		AnalyzeDomain (943ms)
			TypeCache.Refresh (769ms)
				TypeCache.ScanAssembly (689ms)
			BuildScriptInfoCaches (152ms)
			ResolveRequiredComponents (15ms)
	FinalizeReload (9420ms)
		ReleaseScriptCaches (0ms)
		RebuildScriptCaches (0ms)
		SetupLoadedEditorAssemblies (8933ms)
			LogAssemblyErrors (0ms)
			InitializePlatformSupportModulesInManaged (8ms)
			SetLoadedEditorAssemblies (14ms)
			BeforeProcessingInitializeOnLoad (1183ms)
			ProcessInitializeOnLoadAttributes (6044ms)
			ProcessInitializeOnLoadMethodAttributes (1663ms)
			AfterProcessingInitializeOnLoad (20ms)
			EditorAssembliesLoaded (1ms)
		ExecutionOrderSort2 (0ms)
		AwakeInstancesAfterBackupRestoration (25ms)
Launched and connected shader compiler UnityShaderCompiler.exe after 0.32 seconds
Refreshing native plugins compatible for Editor in 26.66 ms, found 6 plugins.
Preloading 0 native plugins for Editor in 0.00 ms.
Unloading 33 Unused Serialized files (Serialized files now loaded: 0)
Unloading 3523 unused Assets / (1.5 MB). Loaded Objects now: 3992.
Memory consumption went from 87.7 MB to 86.2 MB.
Total: 51.908300 ms (FindLiveObjects: 1.737400 ms CreateObjectMapping: 1.124300 ms MarkObjects: 36.132900 ms  DeleteObjects: 12.712500 ms)

========================================================================
Received Import Request.
  Time since last request: 83972.718710 seconds.
  path: Assets/Figma/ImageFills/5adadd35169c7713c28562687ccf69ea5df95df8.png
  artifactKey: Guid(f7820e46c658cbc4cb39991fd2da9562) Importer(815301076,1909f56bfc062723c751e8b465ee728b)
Start importing Assets/Figma/ImageFills/5adadd35169c7713c28562687ccf69ea5df95df8.png using Guid(f7820e46c658cbc4cb39991fd2da9562) Importer(815301076,1909f56bfc062723c751e8b465ee728b) (PreviewImporter) -> (artifact id: '0b994e7deb40a5e0e7db37e95b44d888') in 9.7877367 seconds
Number of updated asset objects reloaded before import = 0Number of asset objects unloaded after import = 7

========================================================================
Received Import Request.
  Time since last request: 0.000071 seconds.
  path: Assets/Figma/ImageFills/2be63d235a84a1f24ba762f133f07991b2406a49.png
  artifactKey: Guid(53ba2a58b1127fc45a6d3242a5262b60) Importer(815301076,1909f56bfc062723c751e8b465ee728b)
Start importing Assets/Figma/ImageFills/2be63d235a84a1f24ba762f133f07991b2406a49.png using Guid(53ba2a58b1127fc45a6d3242a5262b60) Importer(815301076,1909f56bfc062723c751e8b465ee728b) (PreviewImporter) -> (artifact id: '6bf3f5b209bcd95120109c3d959ff40e') in 0.3301834 seconds
Number of updated asset objects reloaded before import = 0Number of asset objects unloaded after import = 12

========================================================================
Received Import Request.
  Time since last request: 0.000164 seconds.
  path: Assets/Figma/ImageFills/e0c2c9ed273735407514f17c835903fe1361ab17.png
  artifactKey: Guid(2c096baee0390c349b9024dfad08da6d) Importer(815301076,1909f56bfc062723c751e8b465ee728b)
Start importing Assets/Figma/ImageFills/e0c2c9ed273735407514f17c835903fe1361ab17.png using Guid(2c096baee0390c349b9024dfad08da6d) Importer(815301076,1909f56bfc062723c751e8b465ee728b) (PreviewImporter) -> (artifact id: '978a2ad1f7d70dda4ca8db7fa31d4a05') in 0.1643149 seconds
Number of updated asset objects reloaded before import = 0Number of asset objects unloaded after import = 7

========================================================================
Received Import Request.
  Time since last request: 0.000577 seconds.
  path: Assets/Figma/ImageFills/80681642881ec88ed6c3c39e4339835e4cd90577.png
  artifactKey: Guid(ed4db0f3a3d9fa349bb206294538be1b) Importer(815301076,1909f56bfc062723c751e8b465ee728b)
Start importing Assets/Figma/ImageFills/80681642881ec88ed6c3c39e4339835e4cd90577.png using Guid(ed4db0f3a3d9fa349bb206294538be1b) Importer(815301076,1909f56bfc062723c751e8b465ee728b) (PreviewImporter) -> (artifact id: 'cab1a51d07facf4fa386866b9f26d579') in 0.1278873 seconds
Number of updated asset objects reloaded before import = 0Number of asset objects unloaded after import = 3

========================================================================
Received Import Request.
  Time since last request: 0.000536 seconds.
  path: Assets/Figma/ImageFills/224ac75363b05059c17aa0af4d61ea370c3d0ecb.png
  artifactKey: Guid(b7decefb7093b054f848759b6f58c08b) Importer(815301076,1909f56bfc062723c751e8b465ee728b)
Start importing Assets/Figma/ImageFills/224ac75363b05059c17aa0af4d61ea370c3d0ecb.png using Guid(b7decefb7093b054f848759b6f58c08b) Importer(815301076,1909f56bfc062723c751e8b465ee728b) (PreviewImporter) -> (artifact id: '48a102022704d7459a4eac9b04f7aaa3') in 0.09027 seconds
Number of updated asset objects reloaded before import = 0Number of asset objects unloaded after import = 3

========================================================================
Received Import Request.
  Time since last request: 0.000272 seconds.
  path: Assets/Figma/ImageFills/1d522d2233d31fa9160ad8a3fb1ab643a32182b2.png
  artifactKey: Guid(1d9b9603bef17eb4bb2e08b580049ef5) Importer(815301076,1909f56bfc062723c751e8b465ee728b)
Start importing Assets/Figma/ImageFills/1d522d2233d31fa9160ad8a3fb1ab643a32182b2.png using Guid(1d9b9603bef17eb4bb2e08b580049ef5) Importer(815301076,1909f56bfc062723c751e8b465ee728b) (PreviewImporter) -> (artifact id: '97c5ab16c24122c7b47cf28e27729678') in 0.1070519 seconds
Number of updated asset objects reloaded before import = 0Number of asset objects unloaded after import = 3

========================================================================
Received Import Request.
  Time since last request: 0.000035 seconds.
  path: Assets/Figma/ImageFills/5a7d6716d0e321e671556158c1f80e6d154036a8.png
  artifactKey: Guid(cd235c53d357d614399a845d8362d4cd) Importer(815301076,1909f56bfc062723c751e8b465ee728b)
Start importing Assets/Figma/ImageFills/5a7d6716d0e321e671556158c1f80e6d154036a8.png using Guid(cd235c53d357d614399a845d8362d4cd) Importer(815301076,1909f56bfc062723c751e8b465ee728b) (PreviewImporter) -> (artifact id: 'fbd8b960a985804b6ccb7998e89adecf') in 0.91308 seconds
Number of updated asset objects reloaded before import = 0Number of asset objects unloaded after import = 3

========================================================================
Received Import Request.
  Time since last request: 0.000083 seconds.
  path: Assets/Figma/ImageFills/9e0fc25116098de5c7942e0b3f2a1a3366319e0d.png
  artifactKey: Guid(75ea7f5f439559b479539246fdba8196) Importer(815301076,1909f56bfc062723c751e8b465ee728b)
Start importing Assets/Figma/ImageFills/9e0fc25116098de5c7942e0b3f2a1a3366319e0d.png using Guid(75ea7f5f439559b479539246fdba8196) Importer(815301076,1909f56bfc062723c751e8b465ee728b) (PreviewImporter) -> (artifact id: 'f5e75f9d3fb53ba6e1e2bc4b04a6df7e') in 0.1585245 seconds
Number of updated asset objects reloaded before import = 0Number of asset objects unloaded after import = 3

========================================================================
Received Import Request.
  Time since last request: 0.000377 seconds.
  path: Assets/Figma/ImageFills/c645689bb88834c209b27a99ab661c24ce6f90d9.png
  artifactKey: Guid(4cedcd1ba6c4597448a03b73da6d8612) Importer(815301076,1909f56bfc062723c751e8b465ee728b)
Start importing Assets/Figma/ImageFills/c645689bb88834c209b27a99ab661c24ce6f90d9.png using Guid(4cedcd1ba6c4597448a03b73da6d8612) Importer(815301076,1909f56bfc062723c751e8b465ee728b) (PreviewImporter) -> (artifact id: 'be9f4dce3e1827ecf262c0f1cb520221') in 0.1275705 seconds
Number of updated asset objects reloaded before import = 0Number of asset objects unloaded after import = 3

========================================================================
Received Import Request.
  Time since last request: 0.000204 seconds.
  path: Assets/Figma/ImageFills/9fe64e8c2ee583486833b6dc369151c8e65bcfc7.png
  artifactKey: Guid(fc56388416da42341b2e154c2c71f773) Importer(815301076,1909f56bfc062723c751e8b465ee728b)
Start importing Assets/Figma/ImageFills/9fe64e8c2ee583486833b6dc369151c8e65bcfc7.png using Guid(fc56388416da42341b2e154c2c71f773) Importer(815301076,1909f56bfc062723c751e8b465ee728b) (PreviewImporter) -> (artifact id: '08209db8a0a98232a0bf577876e88b0e') in 0.118915 seconds
Number of updated asset objects reloaded before import = 0Number of asset objects unloaded after import = 3

========================================================================
Received Import Request.
  Time since last request: 0.000917 seconds.
  path: Assets/Figma/ImageFills/2db3f77d96130fd8d5c892566c4914ba4ed4ff31.png
  artifactKey: Guid(171a56afaa8d3fe45841a9edf1dc8e89) Importer(815301076,1909f56bfc062723c751e8b465ee728b)
Start importing Assets/Figma/ImageFills/2db3f77d96130fd8d5c892566c4914ba4ed4ff31.png using Guid(171a56afaa8d3fe45841a9edf1dc8e89) Importer(815301076,1909f56bfc062723c751e8b465ee728b) (PreviewImporter) -> (artifact id: '71812b43bf1eda5a54c56b3465256c18') in 0.0786421 seconds
Number of updated asset objects reloaded before import = 0Number of asset objects unloaded after import = 3

========================================================================
Received Import Request.
  Time since last request: 0.000398 seconds.
  path: Assets/Figma/ImageFills/942f1936b50e46e2f643998d96665ad685f22340.png
  artifactKey: Guid(916eba43e34f0ea4291e122cccf07663) Importer(815301076,1909f56bfc062723c751e8b465ee728b)
Start importing Assets/Figma/ImageFills/942f1936b50e46e2f643998d96665ad685f22340.png using Guid(916eba43e34f0ea4291e122cccf07663) Importer(815301076,1909f56bfc062723c751e8b465ee728b) (PreviewImporter) -> (artifact id: '7366b78744e07a233538703d8a3421c4') in 0.1006474 seconds
Number of updated asset objects reloaded before import = 0Number of asset objects unloaded after import = 3

========================================================================
Received Import Request.
  Time since last request: 0.000554 seconds.
  path: Assets/Figma/ImageFills/b1e52cfbdb98f9f6c778644134f06aac55d13d57.png
  artifactKey: Guid(379772800905fe640869df03dedbfadc) Importer(815301076,1909f56bfc062723c751e8b465ee728b)
Start importing Assets/Figma/ImageFills/b1e52cfbdb98f9f6c778644134f06aac55d13d57.png using Guid(379772800905fe640869df03dedbfadc) Importer(815301076,1909f56bfc062723c751e8b465ee728b) (PreviewImporter) -> (artifact id: '08aa57b3831f70fe2ff60905c438c0f7') in 0.0977783 seconds
Number of updated asset objects reloaded before import = 0Number of asset objects unloaded after import = 3

========================================================================
Received Import Request.
  Time since last request: 0.000169 seconds.
  path: Assets/Figma/ImageFills/59135bc7660f56133edc8e8f44edccf63c2135c6.png
  artifactKey: Guid(ee378ba5da912b44886e3417ff658e6a) Importer(815301076,1909f56bfc062723c751e8b465ee728b)
Start importing Assets/Figma/ImageFills/59135bc7660f56133edc8e8f44edccf63c2135c6.png using Guid(ee378ba5da912b44886e3417ff658e6a) Importer(815301076,1909f56bfc062723c751e8b465ee728b) (PreviewImporter) -> (artifact id: '44f39a79394e8b75f97f32d1482edb76') in 0.0562347 seconds
Number of updated asset objects reloaded before import = 0Number of asset objects unloaded after import = 3

========================================================================
Received Import Request.
  Time since last request: 0.000438 seconds.
  path: Assets/Figma/ImageFills/bcc71432c3c436e4e0bd8b53a70aa342ba358300.png
  artifactKey: Guid(e5b2c27c4c3ea344c964a4117f785bff) Importer(815301076,1909f56bfc062723c751e8b465ee728b)
Start importing Assets/Figma/ImageFills/bcc71432c3c436e4e0bd8b53a70aa342ba358300.png using Guid(e5b2c27c4c3ea344c964a4117f785bff) Importer(815301076,1909f56bfc062723c751e8b465ee728b) (PreviewImporter) -> (artifact id: 'c96e91b65c9664d369ee9b0eabf92530') in 0.1090707 seconds
Number of updated asset objects reloaded before import = 0Number of asset objects unloaded after import = 3

========================================================================
Received Import Request.
  Time since last request: 0.000039 seconds.
  path: Assets/Figma/ImageFills/31a6835d0dc0617a06d1ec188e69ac26b75fde8b.png
  artifactKey: Guid(3c4de357e769a3545890bd1cc59bf113) Importer(815301076,1909f56bfc062723c751e8b465ee728b)
Start importing Assets/Figma/ImageFills/31a6835d0dc0617a06d1ec188e69ac26b75fde8b.png using Guid(3c4de357e769a3545890bd1cc59bf113) Importer(815301076,1909f56bfc062723c751e8b465ee728b) (PreviewImporter) -> (artifact id: 'c184a664e04278dc51bd72e6e30a3233') in 0.0412615 seconds
Number of updated asset objects reloaded before import = 0Number of asset objects unloaded after import = 3

========================================================================
Received Import Request.
  Time since last request: 0.000055 seconds.
  path: Assets/Figma/ImageFills/f5dac7bca6de3aacabe685338354ca41b54628b9.png
  artifactKey: Guid(477dbd9c4dd6258439386cfad2d57eac) Importer(815301076,1909f56bfc062723c751e8b465ee728b)
Start importing Assets/Figma/ImageFills/f5dac7bca6de3aacabe685338354ca41b54628b9.png using Guid(477dbd9c4dd6258439386cfad2d57eac) Importer(815301076,1909f56bfc062723c751e8b465ee728b) (PreviewImporter) -> (artifact id: 'bdd71518bfa61ea8209b6d9631d514bd') in 0.1151459 seconds
Number of updated asset objects reloaded before import = 0Number of asset objects unloaded after import = 3

========================================================================
Received Import Request.
  Time since last request: 0.000041 seconds.
  path: Assets/Figma/ImageFills/c9abc1e33fae2c7e5564ad24e33146365caa6446.png
  artifactKey: Guid(301a341bb99da94418e021a2e5a0c492) Importer(815301076,1909f56bfc062723c751e8b465ee728b)
Start importing Assets/Figma/ImageFills/c9abc1e33fae2c7e5564ad24e33146365caa6446.png using Guid(301a341bb99da94418e021a2e5a0c492) Importer(815301076,1909f56bfc062723c751e8b465ee728b) (PreviewImporter) -> (artifact id: '37b5be4f2a4f4aa6e8440c84755bc884') in 0.1021433 seconds
Number of updated asset objects reloaded before import = 0Number of asset objects unloaded after import = 3

========================================================================
Received Import Request.
  Time since last request: 0.000055 seconds.
  path: Assets/Figma/ImageFills/675cdf970c06e0dd6bfb69dcc4898f93c5aff9f6.png
  artifactKey: Guid(b5148c8ab12fb2240a1ba73cb20b8238) Importer(815301076,1909f56bfc062723c751e8b465ee728b)
Start importing Assets/Figma/ImageFills/675cdf970c06e0dd6bfb69dcc4898f93c5aff9f6.png using Guid(b5148c8ab12fb2240a1ba73cb20b8238) Importer(815301076,1909f56bfc062723c751e8b465ee728b) (PreviewImporter) -> (artifact id: 'fd4e71e67142d91abd3b58182ae99238') in 0.1062349 seconds
Number of updated asset objects reloaded before import = 0Number of asset objects unloaded after import = 3

========================================================================
Received Import Request.
  Time since last request: 0.000582 seconds.
  path: Assets/Figma/ImageFills/fc5e67b7c0f519ccd1d8fc5b8b8a9121e818b674.png
  artifactKey: Guid(230815566219151428f5a7df7a355635) Importer(815301076,1909f56bfc062723c751e8b465ee728b)
Start importing Assets/Figma/ImageFills/fc5e67b7c0f519ccd1d8fc5b8b8a9121e818b674.png using Guid(230815566219151428f5a7df7a355635) Importer(815301076,1909f56bfc062723c751e8b465ee728b) (PreviewImporter) -> (artifact id: '067568ee8c6196a3daac1a57f70d627c') in 0.1064681 seconds
Number of updated asset objects reloaded before import = 0Number of asset objects unloaded after import = 3

========================================================================
Received Import Request.
  Time since last request: 0.000044 seconds.
  path: Assets/Figma/ImageFills/3b890d8a801903dbdcf010e461aed8736849fbbf.png
  artifactKey: Guid(ab16923c6a041b64da67e9a672077d9d) Importer(815301076,1909f56bfc062723c751e8b465ee728b)
Start importing Assets/Figma/ImageFills/3b890d8a801903dbdcf010e461aed8736849fbbf.png using Guid(ab16923c6a041b64da67e9a672077d9d) Importer(815301076,1909f56bfc062723c751e8b465ee728b) (PreviewImporter) -> (artifact id: '7805106b029102fb9458a951c658237a') in 0.0784836 seconds
Number of updated asset objects reloaded before import = 0Number of asset objects unloaded after import = 3

========================================================================
Received Import Request.
  Time since last request: 0.000144 seconds.
  path: Assets/Figma/ImageFills/a6c6b2651146b8f660cd74e5dc44923c08fe8360.png
  artifactKey: Guid(459bbd3bfa8219a42b3513adbe7215b1) Importer(815301076,1909f56bfc062723c751e8b465ee728b)
Start importing Assets/Figma/ImageFills/a6c6b2651146b8f660cd74e5dc44923c08fe8360.png using Guid(459bbd3bfa8219a42b3513adbe7215b1) Importer(815301076,1909f56bfc062723c751e8b465ee728b) (PreviewImporter) -> (artifact id: '08e7445c9e2c33d8c090a2ece765e840') in 0.0917547 seconds
Number of updated asset objects reloaded before import = 0Number of asset objects unloaded after import = 3

========================================================================
Received Import Request.
  Time since last request: 0.000079 seconds.
  path: Assets/Figma/ImageFills/a5aac0d68937e994b0606012099b10e77d7dad5e.png
  artifactKey: Guid(239c148b008528a4db6323b47b8ade2d) Importer(815301076,1909f56bfc062723c751e8b465ee728b)
Start importing Assets/Figma/ImageFills/a5aac0d68937e994b0606012099b10e77d7dad5e.png using Guid(239c148b008528a4db6323b47b8ade2d) Importer(815301076,1909f56bfc062723c751e8b465ee728b) (PreviewImporter) -> (artifact id: '1ea3f600993010b9b030de8e4a199530') in 0.1003834 seconds
Number of updated asset objects reloaded before import = 0Number of asset objects unloaded after import = 3

========================================================================
Received Import Request.
  Time since last request: 0.000057 seconds.
  path: Assets/Figma/ImageFills/d455c30edcf48c5e28f3ffcfda5f4849fccbd885.png
  artifactKey: Guid(40824fedddf2e0a47ae28d7abdaac37d) Importer(815301076,1909f56bfc062723c751e8b465ee728b)
Start importing Assets/Figma/ImageFills/d455c30edcf48c5e28f3ffcfda5f4849fccbd885.png using Guid(40824fedddf2e0a47ae28d7abdaac37d) Importer(815301076,1909f56bfc062723c751e8b465ee728b) (PreviewImporter) -> (artifact id: '69756feba0d032ead41b0170aea83000') in 0.0951997 seconds
Number of updated asset objects reloaded before import = 0Number of asset objects unloaded after import = 3

========================================================================
Received Import Request.
  Time since last request: 0.000369 seconds.
  path: Assets/Figma/ImageFills/e6dd3fad24689f6e2b3ae2370c2e314c688c2e3d.png
  artifactKey: Guid(e947065aebb64474cba4433b838cd0a7) Importer(815301076,1909f56bfc062723c751e8b465ee728b)
Start importing Assets/Figma/ImageFills/e6dd3fad24689f6e2b3ae2370c2e314c688c2e3d.png using Guid(e947065aebb64474cba4433b838cd0a7) Importer(815301076,1909f56bfc062723c751e8b465ee728b) (PreviewImporter) -> (artifact id: '0ad225e0c0a4363aecc69874c21e7c9c') in 0.1011975 seconds
Number of updated asset objects reloaded before import = 0Number of asset objects unloaded after import = 3

========================================================================
Received Import Request.
  Time since last request: 0.000035 seconds.
  path: Assets/Figma/ImageFills/301531f32521492fef7ba6f455799167187625a3.png
  artifactKey: Guid(301856382bfce864ea7dcd8f7dc6aae2) Importer(815301076,1909f56bfc062723c751e8b465ee728b)
Start importing Assets/Figma/ImageFills/301531f32521492fef7ba6f455799167187625a3.png using Guid(301856382bfce864ea7dcd8f7dc6aae2) Importer(815301076,1909f56bfc062723c751e8b465ee728b) (PreviewImporter) -> (artifact id: 'c2f6988d017f3a49b906261fc24d43f0') in 0.096549 seconds
Number of updated asset objects reloaded before import = 0Number of asset objects unloaded after import = 3

========================================================================
Received Import Request.
  Time since last request: 0.000212 seconds.
  path: Assets/Figma/ImageFills/13a59840e22ffbe08428339a38b3d0da81e7b188.png
  artifactKey: Guid(f98ef669976477147bc20f7e0badd18b) Importer(815301076,1909f56bfc062723c751e8b465ee728b)
Start importing Assets/Figma/ImageFills/13a59840e22ffbe08428339a38b3d0da81e7b188.png using Guid(f98ef669976477147bc20f7e0badd18b) Importer(815301076,1909f56bfc062723c751e8b465ee728b) (PreviewImporter) -> (artifact id: '92a5b3bb973bf499f32effba9bf2deb9') in 0.6221985 seconds
Number of updated asset objects reloaded before import = 0Number of asset objects unloaded after import = 3

========================================================================
Received Import Request.
  Time since last request: 0.000042 seconds.
  path: Assets/Figma/ImageFills/a50ed95a9d9dd7d212f7bdf3630bc953973fb58f.png
  artifactKey: Guid(3b08715350841434e8bbb388b680a5a4) Importer(815301076,1909f56bfc062723c751e8b465ee728b)
Start importing Assets/Figma/ImageFills/a50ed95a9d9dd7d212f7bdf3630bc953973fb58f.png using Guid(3b08715350841434e8bbb388b680a5a4) Importer(815301076,1909f56bfc062723c751e8b465ee728b) (PreviewImporter) -> (artifact id: '0c2af9aa27ab92b5426b8290f52aa6cc') in 0.0436594 seconds
Number of updated asset objects reloaded before import = 0Number of asset objects unloaded after import = 3

========================================================================
Received Import Request.
  Time since last request: 0.001361 seconds.
  path: Assets/Figma/ImageFills/a249ddcef961528e6c7a71c14017641440befe28.png
  artifactKey: Guid(4854bd5be71fdf742b04e4c21afabcd3) Importer(815301076,1909f56bfc062723c751e8b465ee728b)
Start importing Assets/Figma/ImageFills/a249ddcef961528e6c7a71c14017641440befe28.png using Guid(4854bd5be71fdf742b04e4c21afabcd3) Importer(815301076,1909f56bfc062723c751e8b465ee728b) (PreviewImporter) -> (artifact id: 'c96db2f955cb342c98e43962ab471fa1') in 0.048368 seconds
Number of updated asset objects reloaded before import = 0Number of asset objects unloaded after import = 3

========================================================================
Received Import Request.
  Time since last request: 0.032532 seconds.
  path: Assets/Figma/ImageFills/7da1072c023eadc27cee9befe9fea3e7cbdf02a6.png
  artifactKey: Guid(589952db2fdd5ca4095cfb78d01ff0f9) Importer(815301076,1909f56bfc062723c751e8b465ee728b)
Start importing Assets/Figma/ImageFills/7da1072c023eadc27cee9befe9fea3e7cbdf02a6.png using Guid(589952db2fdd5ca4095cfb78d01ff0f9) Importer(815301076,1909f56bfc062723c751e8b465ee728b) (PreviewImporter) -> (artifact id: 'df8c7c3c2ad1e99efe6d720bfaa29dca') in 0.0372245 seconds
Number of updated asset objects reloaded before import = 0Number of asset objects unloaded after import = 3

========================================================================
Received Import Request.
  Time since last request: 0.000215 seconds.
  path: Assets/Figma/ImageFills/e8a2a789684af3ed8d94c8154009a6b752fa360b.png
  artifactKey: Guid(285314b3eb5f95d4880839b6fbccb971) Importer(815301076,1909f56bfc062723c751e8b465ee728b)
Start importing Assets/Figma/ImageFills/e8a2a789684af3ed8d94c8154009a6b752fa360b.png using Guid(285314b3eb5f95d4880839b6fbccb971) Importer(815301076,1909f56bfc062723c751e8b465ee728b) (PreviewImporter) -> (artifact id: '0350f844eab9ad9e2175579524f65211') in 0.1843469 seconds
Number of updated asset objects reloaded before import = 0Number of asset objects unloaded after import = 3

========================================================================
Received Import Request.
  Time since last request: 0.000124 seconds.
  path: Assets/Figma/ImageFills/60cfe0fe0d8da32b0552a7ad6095ce30fc73d41f.png
  artifactKey: Guid(16c2f8d59d1d6364d9269a68de7e2265) Importer(815301076,1909f56bfc062723c751e8b465ee728b)
Start importing Assets/Figma/ImageFills/60cfe0fe0d8da32b0552a7ad6095ce30fc73d41f.png using Guid(16c2f8d59d1d6364d9269a68de7e2265) Importer(815301076,1909f56bfc062723c751e8b465ee728b) (PreviewImporter) -> (artifact id: '8ad9ac6d96a7220552fbecd7ec8e194c') in 0.0928158 seconds
Number of updated asset objects reloaded before import = 0Number of asset objects unloaded after import = 3

========================================================================
Received Import Request.
  Time since last request: 0.000038 seconds.
  path: Assets/Figma/ImageFills/994fb61100b73241f17fa0f519c8c21926002ac6.png
  artifactKey: Guid(abb66c1d283d19441a00b2faa683917e) Importer(815301076,1909f56bfc062723c751e8b465ee728b)
Start importing Assets/Figma/ImageFills/994fb61100b73241f17fa0f519c8c21926002ac6.png using Guid(abb66c1d283d19441a00b2faa683917e) Importer(815301076,1909f56bfc062723c751e8b465ee728b) (PreviewImporter) -> (artifact id: '39ca588f28dbb175b8630a9c2c3956e0') in 0.1446288 seconds
Number of updated asset objects reloaded before import = 0Number of asset objects unloaded after import = 3

========================================================================
Received Import Request.
  Time since last request: 0.000142 seconds.
  path: Assets/Figma/ImageFills/512d941cdf523536c8e5f9c037e59a345f603019.png
  artifactKey: Guid(05b92dcf6c3e50e46974b52cc175d105) Importer(815301076,1909f56bfc062723c751e8b465ee728b)
Start importing Assets/Figma/ImageFills/512d941cdf523536c8e5f9c037e59a345f603019.png using Guid(05b92dcf6c3e50e46974b52cc175d105) Importer(815301076,1909f56bfc062723c751e8b465ee728b) (PreviewImporter) -> (artifact id: '7a391c7c002d11d76306087e8fc65ead') in 0.0411469 seconds
Number of updated asset objects reloaded before import = 0Number of asset objects unloaded after import = 3

========================================================================
Received Import Request.
  Time since last request: 0.000058 seconds.
  path: Assets/Figma/ImageFills/f0c245fdb93edc7b89c2abcde885a16d58c59bd3.png
  artifactKey: Guid(aafccca23ded3b5499809320ae853aed) Importer(815301076,1909f56bfc062723c751e8b465ee728b)
Start importing Assets/Figma/ImageFills/f0c245fdb93edc7b89c2abcde885a16d58c59bd3.png using Guid(aafccca23ded3b5499809320ae853aed) Importer(815301076,1909f56bfc062723c751e8b465ee728b) (PreviewImporter) -> (artifact id: '82fc3d8eca6324b3b7571aa16df2ecc4') in 0.0828968 seconds
Number of updated asset objects reloaded before import = 0Number of asset objects unloaded after import = 3

========================================================================
Received Import Request.
  Time since last request: 0.000221 seconds.
  path: Assets/Figma/ImageFills/474dc70d1c8ef64e6bdb0c776daf386ac4b497b1.png
  artifactKey: Guid(a7123d50bbb0f9340ae5dc4cbad27122) Importer(815301076,1909f56bfc062723c751e8b465ee728b)
Start importing Assets/Figma/ImageFills/474dc70d1c8ef64e6bdb0c776daf386ac4b497b1.png using Guid(a7123d50bbb0f9340ae5dc4cbad27122) Importer(815301076,1909f56bfc062723c751e8b465ee728b) (PreviewImporter) -> (artifact id: 'd4ef0db89bb95426730eb35ffe05c905') in 0.0931332 seconds
Number of updated asset objects reloaded before import = 0Number of asset objects unloaded after import = 3

========================================================================
Received Import Request.
  Time since last request: 0.000177 seconds.
  path: Assets/Figma/ImageFills/cfb044ad7a7f09b38eedc10f58ba3ac7dc434030.png
  artifactKey: Guid(8014c6781fd37d443ab83ae647661d2f) Importer(815301076,1909f56bfc062723c751e8b465ee728b)
Start importing Assets/Figma/ImageFills/cfb044ad7a7f09b38eedc10f58ba3ac7dc434030.png using Guid(8014c6781fd37d443ab83ae647661d2f) Importer(815301076,1909f56bfc062723c751e8b465ee728b) (PreviewImporter) -> (artifact id: '8201717b68de1ad6dd595a7b7f338337') in 0.1055412 seconds
Number of updated asset objects reloaded before import = 0Number of asset objects unloaded after import = 3

========================================================================
Received Import Request.
  Time since last request: 0.046542 seconds.
  path: Assets/Figma/ImageFills/ec1283cfd624d5c151fb4645e2da1f36ee4bcf75.png
  artifactKey: Guid(a436184ea7cac0749947f364336d1bbd) Importer(815301076,1909f56bfc062723c751e8b465ee728b)
Start importing Assets/Figma/ImageFills/ec1283cfd624d5c151fb4645e2da1f36ee4bcf75.png using Guid(a436184ea7cac0749947f364336d1bbd) Importer(815301076,1909f56bfc062723c751e8b465ee728b) (PreviewImporter) -> (artifact id: '78a35a706c052a9b4d7693587704778d') in 0.433963 seconds
Number of updated asset objects reloaded before import = 0Number of asset objects unloaded after import = 3

========================================================================
Received Import Request.
  Time since last request: 0.005293 seconds.
  path: Assets/Figma/ImageFills/f2b9c600a5e06155cdfcfb162588214bc3ee6d1f.png
  artifactKey: Guid(bf3f1390b98864640b23e0c6a9c4b8d0) Importer(815301076,1909f56bfc062723c751e8b465ee728b)
Start importing Assets/Figma/ImageFills/f2b9c600a5e06155cdfcfb162588214bc3ee6d1f.png using Guid(bf3f1390b98864640b23e0c6a9c4b8d0) Importer(815301076,1909f56bfc062723c751e8b465ee728b) (PreviewImporter) -> (artifact id: '27d07870bee3476397d7a8b670c36d35') in 0.2731176 seconds
Number of updated asset objects reloaded before import = 0Number of asset objects unloaded after import = 3

========================================================================
Received Import Request.
  Time since last request: 0.000342 seconds.
  path: Assets/Figma/ImageFills/c7feb0156993bab5e951d885ec098ae6432cced7.png
  artifactKey: Guid(311f0b6eb0359154dac9321ab1058f9c) Importer(815301076,1909f56bfc062723c751e8b465ee728b)
Start importing Assets/Figma/ImageFills/c7feb0156993bab5e951d885ec098ae6432cced7.png using Guid(311f0b6eb0359154dac9321ab1058f9c) Importer(815301076,1909f56bfc062723c751e8b465ee728b) (PreviewImporter) -> (artifact id: '499cca18e6178d9bbb16c05af6472d51') in 0.1139822 seconds
Number of updated asset objects reloaded before import = 0Number of asset objects unloaded after import = 3

========================================================================
Received Import Request.
  Time since last request: 0.000032 seconds.
  path: Assets/Figma/ImageFills/873d6e48797a5443447e38cb037c7e2c784d353f.png
  artifactKey: Guid(7dad71dce382f3c4a85ae147b0eff4d8) Importer(815301076,1909f56bfc062723c751e8b465ee728b)
Start importing Assets/Figma/ImageFills/873d6e48797a5443447e38cb037c7e2c784d353f.png using Guid(7dad71dce382f3c4a85ae147b0eff4d8) Importer(815301076,1909f56bfc062723c751e8b465ee728b) (PreviewImporter) -> (artifact id: 'bf3861f3d58cd29fff3ff57420ac4c88') in 0.1097598 seconds
Number of updated asset objects reloaded before import = 0Number of asset objects unloaded after import = 3

========================================================================
Received Import Request.
  Time since last request: 0.000277 seconds.
  path: Assets/Figma/ImageFills/482fc91f12db06f045a423f28e909790a345cbc0.png
  artifactKey: Guid(626b0144b56b2c841b7c2ccb23fed104) Importer(815301076,1909f56bfc062723c751e8b465ee728b)
Start importing Assets/Figma/ImageFills/482fc91f12db06f045a423f28e909790a345cbc0.png using Guid(626b0144b56b2c841b7c2ccb23fed104) Importer(815301076,1909f56bfc062723c751e8b465ee728b) (PreviewImporter) -> (artifact id: 'a2c2025a44b02ea0ed29eb6fce135f25') in 0.1133708 seconds
Number of updated asset objects reloaded before import = 0Number of asset objects unloaded after import = 3

========================================================================
Received Import Request.
  Time since last request: 0.000035 seconds.
  path: Assets/Figma/ImageFills/f416bac87bfd482b1ec5c80fe0697efa72513e28.png
  artifactKey: Guid(07a02a26ad889e742ae57778da9f580e) Importer(815301076,1909f56bfc062723c751e8b465ee728b)
Start importing Assets/Figma/ImageFills/f416bac87bfd482b1ec5c80fe0697efa72513e28.png using Guid(07a02a26ad889e742ae57778da9f580e) Importer(815301076,1909f56bfc062723c751e8b465ee728b) (PreviewImporter) -> (artifact id: 'aa7990e4bf8e69ef3e9c37194c1677f3') in 0.1220029 seconds
Number of updated asset objects reloaded before import = 0Number of asset objects unloaded after import = 3

========================================================================
Received Import Request.
  Time since last request: 0.000488 seconds.
  path: Assets/Figma/ImageFills/615af37cf46b2c58e011dd8113f4265a9234be0a.png
  artifactKey: Guid(188562268631c9149a4084d3b3f4c5e5) Importer(815301076,1909f56bfc062723c751e8b465ee728b)
Start importing Assets/Figma/ImageFills/615af37cf46b2c58e011dd8113f4265a9234be0a.png using Guid(188562268631c9149a4084d3b3f4c5e5) Importer(815301076,1909f56bfc062723c751e8b465ee728b) (PreviewImporter) -> (artifact id: '2ae4e7618f2633e59c48a5c6324c27a7') in 0.1208681 seconds
Number of updated asset objects reloaded before import = 0Number of asset objects unloaded after import = 3

========================================================================
Received Import Request.
  Time since last request: 0.000041 seconds.
  path: Assets/Figma/ImageFills/28ac5ab9a1c4aa189cbafff0f48ed4be9732142e.png
  artifactKey: Guid(75a4a99cc60011744bd1793287f61707) Importer(815301076,1909f56bfc062723c751e8b465ee728b)
Start importing Assets/Figma/ImageFills/28ac5ab9a1c4aa189cbafff0f48ed4be9732142e.png using Guid(75a4a99cc60011744bd1793287f61707) Importer(815301076,1909f56bfc062723c751e8b465ee728b) (PreviewImporter) -> (artifact id: 'da41e46b0465e87f77f42cd2274a2044') in 0.0988819 seconds
Number of updated asset objects reloaded before import = 0Number of asset objects unloaded after import = 3

========================================================================
Received Import Request.
  Time since last request: 0.006895 seconds.
  path: Assets/Figma/ImageFills/82f7ef5c3a3b4b9c7936327f189a4a0d5b2991d0.png
  artifactKey: Guid(1a967cedaa0803f42a2d23dcc1ebdd87) Importer(815301076,1909f56bfc062723c751e8b465ee728b)
Start importing Assets/Figma/ImageFills/82f7ef5c3a3b4b9c7936327f189a4a0d5b2991d0.png using Guid(1a967cedaa0803f42a2d23dcc1ebdd87) Importer(815301076,1909f56bfc062723c751e8b465ee728b) (PreviewImporter) -> (artifact id: 'ea86017b2993e9ef839ac9c74a7cca69') in 0.1508952 seconds
Number of updated asset objects reloaded before import = 0Number of asset objects unloaded after import = 3

========================================================================
Received Import Request.
  Time since last request: 0.000632 seconds.
  path: Assets/Figma/ImageFills/42817c78b03526f17247f2778e0fcb611d873a66.png
  artifactKey: Guid(3ae5bc3b218ef33459df032d9dd568bb) Importer(815301076,1909f56bfc062723c751e8b465ee728b)
Start importing Assets/Figma/ImageFills/42817c78b03526f17247f2778e0fcb611d873a66.png using Guid(3ae5bc3b218ef33459df032d9dd568bb) Importer(815301076,1909f56bfc062723c751e8b465ee728b) (PreviewImporter) -> (artifact id: '77e1221d021d403a837fcff9e109d67a') in 0.1493064 seconds
Number of updated asset objects reloaded before import = 0Number of asset objects unloaded after import = 3

========================================================================
Received Import Request.
  Time since last request: 0.000381 seconds.
  path: Assets/Figma/ImageFills/b6564e18db936f297758b395bae137bf4f2e1c3a.png
  artifactKey: Guid(cd4c00e5e5cfae442b619ea769445a02) Importer(815301076,1909f56bfc062723c751e8b465ee728b)
Start importing Assets/Figma/ImageFills/b6564e18db936f297758b395bae137bf4f2e1c3a.png using Guid(cd4c00e5e5cfae442b619ea769445a02) Importer(815301076,1909f56bfc062723c751e8b465ee728b) (PreviewImporter) -> (artifact id: 'ec9a0f4e5fa264308bb40b1245083b4d') in 0.0942512 seconds
Number of updated asset objects reloaded before import = 0Number of asset objects unloaded after import = 3

========================================================================
Received Import Request.
  Time since last request: 0.000033 seconds.
  path: Assets/Figma/ImageFills/db8e7edef473758dbe9f5a1db3b6eeb973a0dbdc.png
  artifactKey: Guid(8873176709d87ef4d98b7ce12a0ef9f8) Importer(815301076,1909f56bfc062723c751e8b465ee728b)
Start importing Assets/Figma/ImageFills/db8e7edef473758dbe9f5a1db3b6eeb973a0dbdc.png using Guid(8873176709d87ef4d98b7ce12a0ef9f8) Importer(815301076,1909f56bfc062723c751e8b465ee728b) (PreviewImporter) -> (artifact id: '331161d1582f3f0e0637605a7f31e270') in 0.0891083 seconds
Number of updated asset objects reloaded before import = 0Number of asset objects unloaded after import = 3

========================================================================
Received Import Request.
  Time since last request: 0.000219 seconds.
  path: Assets/Figma/ImageFills/de30c9742739a3c7470d115da44a135993a8b18b.png
  artifactKey: Guid(3fac24a75cbcc514a869e679d3cd18ef) Importer(815301076,1909f56bfc062723c751e8b465ee728b)
Start importing Assets/Figma/ImageFills/de30c9742739a3c7470d115da44a135993a8b18b.png using Guid(3fac24a75cbcc514a869e679d3cd18ef) Importer(815301076,1909f56bfc062723c751e8b465ee728b) (PreviewImporter) -> (artifact id: '24eb06a9568424d53c5ab1e61e218cc1') in 0.081218 seconds
Number of updated asset objects reloaded before import = 0Number of asset objects unloaded after import = 3

========================================================================
Received Import Request.
  Time since last request: 0.000098 seconds.
  path: Assets/Figma/ImageFills/20cccdc1304db8ddc76152895325bbd2f038c0ce.png
  artifactKey: Guid(5e64bc116f28b0347bdcb60e0df4c54e) Importer(815301076,1909f56bfc062723c751e8b465ee728b)
Start importing Assets/Figma/ImageFills/20cccdc1304db8ddc76152895325bbd2f038c0ce.png using Guid(5e64bc116f28b0347bdcb60e0df4c54e) Importer(815301076,1909f56bfc062723c751e8b465ee728b) (PreviewImporter) -> (artifact id: 'b3b9b42b21ae6ce53ac60fe64c98bcb0') in 0.1336666 seconds
Number of updated asset objects reloaded before import = 0Number of asset objects unloaded after import = 3

========================================================================
Received Import Request.
  Time since last request: 0.000277 seconds.
  path: Assets/Figma/ImageFills/1fdf0aed6493ffec5148e26f2cf1c80568082534.png
  artifactKey: Guid(fa4addfe9272f804b98dd9969ee34525) Importer(815301076,1909f56bfc062723c751e8b465ee728b)
Start importing Assets/Figma/ImageFills/1fdf0aed6493ffec5148e26f2cf1c80568082534.png using Guid(fa4addfe9272f804b98dd9969ee34525) Importer(815301076,1909f56bfc062723c751e8b465ee728b) (PreviewImporter) -> (artifact id: '953da4f97bf6f0db3c777796c943606c') in 0.0768603 seconds
Number of updated asset objects reloaded before import = 0Number of asset objects unloaded after import = 3

========================================================================
Received Import Request.
  Time since last request: 0.000204 seconds.
  path: Assets/Figma/ImageFills/38fdaecf2f8e7177605a908262e83752b194be41.png
  artifactKey: Guid(852372591d0a6564aa21060e423bf08b) Importer(815301076,1909f56bfc062723c751e8b465ee728b)
Start importing Assets/Figma/ImageFills/38fdaecf2f8e7177605a908262e83752b194be41.png using Guid(852372591d0a6564aa21060e423bf08b) Importer(815301076,1909f56bfc062723c751e8b465ee728b) (PreviewImporter) -> (artifact id: '0c414d6407acfab4ed8969a869c0a9fd') in 0.0815819 seconds
Number of updated asset objects reloaded before import = 0Number of asset objects unloaded after import = 3

========================================================================
Received Import Request.
  Time since last request: 0.000148 seconds.
  path: Assets/Figma/ImageFills/202b53858e0ff2e81257bd57267cb1016141d636.png
  artifactKey: Guid(cde15d071679dd34ab1d5e060e842870) Importer(815301076,1909f56bfc062723c751e8b465ee728b)
Start importing Assets/Figma/ImageFills/202b53858e0ff2e81257bd57267cb1016141d636.png using Guid(cde15d071679dd34ab1d5e060e842870) Importer(815301076,1909f56bfc062723c751e8b465ee728b) (PreviewImporter) -> (artifact id: 'dd2544a9cee8cdf55c660d0175193630') in 0.0326536 seconds
Number of updated asset objects reloaded before import = 0Number of asset objects unloaded after import = 3

========================================================================
Received Import Request.
  Time since last request: 0.000044 seconds.
  path: Assets/Figma/ImageFills/ce7d44e930076da5e4aecc6a12a43bb8de32b6a1.png
  artifactKey: Guid(6dd6a6dc572b4a74694082b42de422bd) Importer(815301076,1909f56bfc062723c751e8b465ee728b)
Start importing Assets/Figma/ImageFills/ce7d44e930076da5e4aecc6a12a43bb8de32b6a1.png using Guid(6dd6a6dc572b4a74694082b42de422bd) Importer(815301076,1909f56bfc062723c751e8b465ee728b) (PreviewImporter) -> (artifact id: '45c4dc503f7c8ffea8ad877c8c1ddb5e') in 0.0430863 seconds
Number of updated asset objects reloaded before import = 0Number of asset objects unloaded after import = 3

========================================================================
Received Import Request.
  Time since last request: 0.000037 seconds.
  path: Assets/Figma/ImageFills/ed1063d78d4e2c0f678ebcad3166a32aa82cc1e2.png
  artifactKey: Guid(b6df936a01a56bb449bc7ecab5b4a433) Importer(815301076,1909f56bfc062723c751e8b465ee728b)
Start importing Assets/Figma/ImageFills/ed1063d78d4e2c0f678ebcad3166a32aa82cc1e2.png using Guid(b6df936a01a56bb449bc7ecab5b4a433) Importer(815301076,1909f56bfc062723c751e8b465ee728b) (PreviewImporter) -> (artifact id: 'bc8b0abf684a56fd838448a194922a48') in 0.0329188 seconds
Number of updated asset objects reloaded before import = 0Number of asset objects unloaded after import = 3

========================================================================
Received Import Request.
  Time since last request: 0.000378 seconds.
  path: Assets/Figma/ImageFills/245f446bea8c78ee1ec06c00838944ff882fcc58.png
  artifactKey: Guid(b012cd30b47c9d246b07042021c9c995) Importer(815301076,1909f56bfc062723c751e8b465ee728b)
Start importing Assets/Figma/ImageFills/245f446bea8c78ee1ec06c00838944ff882fcc58.png using Guid(b012cd30b47c9d246b07042021c9c995) Importer(815301076,1909f56bfc062723c751e8b465ee728b) (PreviewImporter) -> (artifact id: '35f1270229ff361c0a9afa0d09f91afa') in 0.0523946 seconds
Number of updated asset objects reloaded before import = 0Number of asset objects unloaded after import = 3

========================================================================
Received Import Request.
  Time since last request: 0.000614 seconds.
  path: Assets/Figma/ImageFills/imageFundo.prefab
  artifactKey: Guid(cc36924e87573bd499fba3b22594e1b9) Importer(815301076,1909f56bfc062723c751e8b465ee728b)
Start importing Assets/Figma/ImageFills/imageFundo.prefab using Guid(cc36924e87573bd499fba3b22594e1b9) Importer(815301076,1909f56bfc062723c751e8b465ee728b) (PreviewImporter) -> (artifact id: '63914dc7d2e06ab65b2e8e47d98de8e1') in 0.0590444 seconds
Number of updated asset objects reloaded before import = 0Number of asset objects unloaded after import = 8

========================================================================
Received Import Request.
  Time since last request: 0.000055 seconds.
  path: Assets/Figma/ImageFills/0038af37ae4300fcd5cefb875499b188a603eb73.png
  artifactKey: Guid(4bc74b1b438e2d841a66bfc974ecd701) Importer(815301076,1909f56bfc062723c751e8b465ee728b)
Start importing Assets/Figma/ImageFills/0038af37ae4300fcd5cefb875499b188a603eb73.png using Guid(4bc74b1b438e2d841a66bfc974ecd701) Importer(815301076,1909f56bfc062723c751e8b465ee728b) (PreviewImporter) -> (artifact id: '65c7fba123b1e1b5639d98850feb00e9') in 0.0263856 seconds
Number of updated asset objects reloaded before import = 0Number of asset objects unloaded after import = 3

========================================================================
Received Import Request.
  Time since last request: 0.000097 seconds.
  path: Assets/Figma/ImageFills/a52c88e896a686b2ec6befaf28a957994d0ff51b.png
  artifactKey: Guid(5252e275b6e9c044fa58547f181b0631) Importer(815301076,1909f56bfc062723c751e8b465ee728b)
Start importing Assets/Figma/ImageFills/a52c88e896a686b2ec6befaf28a957994d0ff51b.png using Guid(5252e275b6e9c044fa58547f181b0631) Importer(815301076,1909f56bfc062723c751e8b465ee728b) (PreviewImporter) -> (artifact id: 'edc95534fb283ee671f726b6168a2a98') in 0.0351985 seconds
Number of updated asset objects reloaded before import = 0Number of asset objects unloaded after import = 3

========================================================================
Received Import Request.
  Time since last request: 0.000035 seconds.
  path: Assets/Figma/ImageFills/59768056000322f042f92d1361e4a5383de82f28.png
  artifactKey: Guid(4b1442c78b2ea2e49b81325c100b3ed6) Importer(815301076,1909f56bfc062723c751e8b465ee728b)
Start importing Assets/Figma/ImageFills/59768056000322f042f92d1361e4a5383de82f28.png using Guid(4b1442c78b2ea2e49b81325c100b3ed6) Importer(815301076,1909f56bfc062723c751e8b465ee728b) (PreviewImporter) -> (artifact id: 'bf9e6565463b5d802ebb961927a24467') in 0.0302096 seconds
Number of updated asset objects reloaded before import = 0Number of asset objects unloaded after import = 3

========================================================================
Received Import Request.
  Time since last request: 0.000041 seconds.
  path: Assets/Figma/ImageFills/90032edf0966b070682ae23803b4232a33328b3e.png
  artifactKey: Guid(007f71ac3a8926e48a7490293b65d1ac) Importer(815301076,1909f56bfc062723c751e8b465ee728b)
Start importing Assets/Figma/ImageFills/90032edf0966b070682ae23803b4232a33328b3e.png using Guid(007f71ac3a8926e48a7490293b65d1ac) Importer(815301076,1909f56bfc062723c751e8b465ee728b) (PreviewImporter) -> (artifact id: 'e10e1aaf0ea78f0dfe9d1f578d8e9a09') in 0.0437623 seconds
Number of updated asset objects reloaded before import = 0Number of asset objects unloaded after import = 3

========================================================================
Received Import Request.
  Time since last request: 0.000052 seconds.
  path: Assets/Figma/ImageFills/a95dcbd5520b12e018b5f071600cd183c6335a5b.png
  artifactKey: Guid(d1cf7fb002ac4f545ac9dc3f776fcf9c) Importer(815301076,1909f56bfc062723c751e8b465ee728b)
Start importing Assets/Figma/ImageFills/a95dcbd5520b12e018b5f071600cd183c6335a5b.png using Guid(d1cf7fb002ac4f545ac9dc3f776fcf9c) Importer(815301076,1909f56bfc062723c751e8b465ee728b) (PreviewImporter) -> (artifact id: '2b5655d4333155770dd2f4fcb9094d8a') in 0.0298409 seconds
Number of updated asset objects reloaded before import = 0Number of asset objects unloaded after import = 3

========================================================================
Received Import Request.
  Time since last request: 332.652006 seconds.
  path: Assets/Figma/ImageFills/da234f9a9b52942a3d847e57c0eb06fb47314b00.png
  artifactKey: Guid(635cbf3bae59dae488715c3eca1e9b51) Importer(815301076,1909f56bfc062723c751e8b465ee728b)
Start importing Assets/Figma/ImageFills/da234f9a9b52942a3d847e57c0eb06fb47314b00.png using Guid(635cbf3bae59dae488715c3eca1e9b51) Importer(815301076,1909f56bfc062723c751e8b465ee728b) (PreviewImporter) -> (artifact id: 'fe47ccc24c5fab1ffbf14eedc5c53cc2') in 13.7306938 seconds
Number of updated asset objects reloaded before import = 0Number of asset objects unloaded after import = 3

========================================================================
Received Import Request.
  Time since last request: 216.136897 seconds.
  path: Assets/Scenes/Missoes.unity
  artifactKey: Guid(2b903e2df691d814a91e576dde6b73cf) Importer(815301076,1909f56bfc062723c751e8b465ee728b)
Start importing Assets/Scenes/Missoes.unity using Guid(2b903e2df691d814a91e576dde6b73cf) Importer(815301076,1909f56bfc062723c751e8b465ee728b) (PreviewImporter) -> (artifact id: '6049131ba697254e6a7a3f367c9d3530') in 0.1212273 seconds
Number of updated asset objects reloaded before import = 0Number of asset objects unloaded after import = 0

========================================================================
Received Import Request.
  Time since last request: 438.731990 seconds.
  path: Assets/Scenes/Inicio.unity
  artifactKey: Guid(49b310ae2ea3fc1499d6c782fabc32cd) Importer(815301076,1909f56bfc062723c751e8b465ee728b)
Start importing Assets/Scenes/Inicio.unity using Guid(49b310ae2ea3fc1499d6c782fabc32cd) Importer(815301076,1909f56bfc062723c751e8b465ee728b) (PreviewImporter) -> (artifact id: '44b6198fbe736e083a730ae38b45b514') in 1.5572324 seconds
Number of updated asset objects reloaded before import = 0Number of asset objects unloaded after import = 0

========================================================================
Received Import Request.
  Time since last request: 14.614623 seconds.
  path: Assets/Scenes/Naturais.unity
  artifactKey: Guid(98498927eaa567a4aa3c035ffec1b8ab) Importer(815301076,1909f56bfc062723c751e8b465ee728b)
Start importing Assets/Scenes/Naturais.unity using Guid(98498927eaa567a4aa3c035ffec1b8ab) Importer(815301076,1909f56bfc062723c751e8b465ee728b) (PreviewImporter) -> (artifact id: 'fcbf3fad00f19b2b4118f77e4a01bdcd') in 0.0074929 seconds
Number of updated asset objects reloaded before import = 0Number of asset objects unloaded after import = 0

========================================================================
Received Import Request.
  Time since last request: 289.697934 seconds.
  path: Assets/Scenes/Romanos.unity
  artifactKey: Guid(b572fc5f14587134b8c8f5a5d6616d35) Importer(815301076,1909f56bfc062723c751e8b465ee728b)
Start importing Assets/Scenes/Romanos.unity using Guid(b572fc5f14587134b8c8f5a5d6616d35) Importer(815301076,1909f56bfc062723c751e8b465ee728b) (PreviewImporter) -> (artifact id: '9476c48b756d59435a81ed89303d1842') in 0.10366 seconds
Number of updated asset objects reloaded before import = 0Number of asset objects unloaded after import = 0

========================================================================
Received Import Request.
  Time since last request: 489.094831 seconds.
  path: Assets/Scenes/op2.unity
  artifactKey: Guid(1c84564ab6d0d264a9b7603d9d18b3ff) Importer(815301076,1909f56bfc062723c751e8b465ee728b)
Start importing Assets/Scenes/op2.unity using Guid(1c84564ab6d0d264a9b7603d9d18b3ff) Importer(815301076,1909f56bfc062723c751e8b465ee728b) (PreviewImporter) -> (artifact id: '3c1f2e8e52a4d646b5ee36b009ff15a0') in 0.0593463 seconds
Number of updated asset objects reloaded before import = 0Number of asset objects unloaded after import = 0

========================================================================
Received Import Request.
  Time since last request: 186.244624 seconds.
  path: Assets/Scenes/Opcoes.unity
  artifactKey: Guid(9cb75ac55965245e39bc582c3185da8c) Importer(815301076,1909f56bfc062723c751e8b465ee728b)
Start importing Assets/Scenes/Opcoes.unity using Guid(9cb75ac55965245e39bc582c3185da8c) Importer(815301076,1909f56bfc062723c751e8b465ee728b) (PreviewImporter) -> (artifact id: 'd6e5c2bdecfa9cfc254429f4ba04a199') in 6.1104993 seconds
Number of updated asset objects reloaded before import = 0Number of asset objects unloaded after import = 0

========================================================================
Received Import Request.
  Time since last request: 6.611851 seconds.
  path: Assets/Scenes/Opcoes.unity
  artifactKey: Guid(9cb75ac55965245e39bc582c3185da8c) Importer(815301076,1909f56bfc062723c751e8b465ee728b)
Start importing Assets/Scenes/Opcoes.unity using Guid(9cb75ac55965245e39bc582c3185da8c) Importer(815301076,1909f56bfc062723c751e8b465ee728b) (PreviewImporter) -> (artifact id: 'd6e5c2bdecfa9cfc254429f4ba04a199') in 0.0046878 seconds
Number of updated asset objects reloaded before import = 0Number of asset objects unloaded after import = 0

========================================================================
Received Import Request.
  Time since last request: 268.332898 seconds.
  path: Assets/Scenes/selecao.unity
  artifactKey: Guid(4187edf9fceace1478ecbbd1b535bfe6) Importer(815301076,1909f56bfc062723c751e8b465ee728b)
Start importing Assets/Scenes/selecao.unity using Guid(4187edf9fceace1478ecbbd1b535bfe6) Importer(815301076,1909f56bfc062723c751e8b465ee728b) (PreviewImporter) -> (artifact id: 'a22d0afc0df5511689da26ac75f9bc99') in 0.0640308 seconds
Number of updated asset objects reloaded before import = 0Number of asset objects unloaded after import = 0

========================================================================
Received Import Request.
  Time since last request: 779.489600 seconds.
  path: Assets/Scenes/Sistemas.unity
  artifactKey: Guid(9b2abb8d21e0f234596f15a6211acf2a) Importer(815301076,1909f56bfc062723c751e8b465ee728b)
Start importing Assets/Scenes/Sistemas.unity using Guid(9b2abb8d21e0f234596f15a6211acf2a) Importer(815301076,1909f56bfc062723c751e8b465ee728b) (PreviewImporter) -> (artifact id: 'ccbfea547844b971f18829b68d486ace') in 0.0632049 seconds
Number of updated asset objects reloaded before import = 0Number of asset objects unloaded after import = 0

========================================================================
Received Import Request.
  Time since last request: 365.967208 seconds.
  path: Assets/Scenes/MatDourado2.unity
  artifactKey: Guid(e1d1f32e9c573a94c8bf195d55113af9) Importer(815301076,1909f56bfc062723c751e8b465ee728b)
Start importing Assets/Scenes/MatDourado2.unity using Guid(e1d1f32e9c573a94c8bf195d55113af9) Importer(815301076,1909f56bfc062723c751e8b465ee728b) (PreviewImporter) -> (artifact id: '85115d2be4a4b62f4a810f5f4b680cf1') in 0.1038961 seconds
Number of updated asset objects reloaded before import = 0Number of asset objects unloaded after import = 0

========================================================================
Received Import Request.
  Time since last request: 199.308340 seconds.
  path: Assets/Figma/Fonts/Aclonica_400.ttf
  artifactKey: Guid(d919089b9f15f4a42bf6faf37b3ba65a) Importer(815301076,1909f56bfc062723c751e8b465ee728b)
Start importing Assets/Figma/Fonts/Aclonica_400.ttf using Guid(d919089b9f15f4a42bf6faf37b3ba65a) Importer(815301076,1909f56bfc062723c751e8b465ee728b) (PreviewImporter) -> (artifact id: '53ef0272f4594f8b1d0df522d92e69e8') in 3.2322397 seconds
Number of updated asset objects reloaded before import = 0Number of asset objects unloaded after import = 4

========================================================================
Received Import Request.
  Time since last request: 0.000141 seconds.
  path: Assets/Figma/Fonts/Roboto Condensed_700.ttf
  artifactKey: Guid(dd93c02c22aaa394b9c8818a7d0d4223) Importer(815301076,1909f56bfc062723c751e8b465ee728b)
Start importing Assets/Figma/Fonts/Roboto Condensed_700.ttf using Guid(dd93c02c22aaa394b9c8818a7d0d4223) Importer(815301076,1909f56bfc062723c751e8b465ee728b) (PreviewImporter) -> (artifact id: 'f747cdbe63c8f4a3f4eaae26c14dace3') in 0.2474321 seconds
Number of updated asset objects reloaded before import = 0Number of asset objects unloaded after import = 4

========================================================================
Received Import Request.
  Time since last request: 0.000066 seconds.
  path: Assets/Figma/Fonts/Suwannaphum_400_SDF.asset
  artifactKey: Guid(dd0f906c5545313418e1f405fa9cfe74) Importer(815301076,1909f56bfc062723c751e8b465ee728b)
Start importing Assets/Figma/Fonts/Suwannaphum_400_SDF.asset using Guid(dd0f906c5545313418e1f405fa9cfe74) Importer(815301076,1909f56bfc062723c751e8b465ee728b) (PreviewImporter) -> (artifact id: 'd8259e4457be3337ee81ffe63fb56676') in 0.4442601 seconds
Number of updated asset objects reloaded before import = 0Number of asset objects unloaded after import = 6

========================================================================
Received Import Request.
  Time since last request: 0.000062 seconds.
  path: Assets/Figma/Fonts/Aclonica_400_SDF.asset
  artifactKey: Guid(39c3120ff3afdda4fa7965a73daf727b) Importer(815301076,1909f56bfc062723c751e8b465ee728b)
Start importing Assets/Figma/Fonts/Aclonica_400_SDF.asset using Guid(39c3120ff3afdda4fa7965a73daf727b) Importer(815301076,1909f56bfc062723c751e8b465ee728b) (PreviewImporter) -> (artifact id: 'b46cac912a20070aad059859cc1241bd') in 0.1291111 seconds
Number of updated asset objects reloaded before import = 0Number of asset objects unloaded after import = 6

========================================================================
Received Import Request.
  Time since last request: 0.000067 seconds.
  path: Assets/Figma/Fonts/Inter_400.ttf
  artifactKey: Guid(935ed979351aa0145b1b001cf3aeb3e7) Importer(815301076,1909f56bfc062723c751e8b465ee728b)
Start importing Assets/Figma/Fonts/Inter_400.ttf using Guid(935ed979351aa0145b1b001cf3aeb3e7) Importer(815301076,1909f56bfc062723c751e8b465ee728b) (PreviewImporter) -> (artifact id: 'ea64f63af425940a8a41080721ed988f') in 0.2055806 seconds
Number of updated asset objects reloaded before import = 0Number of asset objects unloaded after import = 4

========================================================================
Received Import Request.
  Time since last request: 0.000064 seconds.
  path: Assets/Figma/Fonts/Inter_400_SDF.asset
  artifactKey: Guid(1343efeb46b15b04eaa698523391e3ec) Importer(815301076,1909f56bfc062723c751e8b465ee728b)
Start importing Assets/Figma/Fonts/Inter_400_SDF.asset using Guid(1343efeb46b15b04eaa698523391e3ec) Importer(815301076,1909f56bfc062723c751e8b465ee728b) (PreviewImporter) -> (artifact id: '4422ec23d502527cff21929047006c22') in 1.1797547 seconds
Number of updated asset objects reloaded before import = 0Number of asset objects unloaded after import = 6

========================================================================
Received Import Request.
  Time since last request: 0.000065 seconds.
  path: Assets/Figma/Fonts/Suwannaphum_400.ttf
  artifactKey: Guid(aebf3ebb6f1d33a43ab537297170ef19) Importer(815301076,1909f56bfc062723c751e8b465ee728b)
Start importing Assets/Figma/Fonts/Suwannaphum_400.ttf using Guid(aebf3ebb6f1d33a43ab537297170ef19) Importer(815301076,1909f56bfc062723c751e8b465ee728b) (PreviewImporter) -> (artifact id: '669449f7d3a92b5ec872c9e27a17c30a') in 0.1477111 seconds
Number of updated asset objects reloaded before import = 0Number of asset objects unloaded after import = 4

========================================================================
Received Import Request.
  Time since last request: 0.001439 seconds.
  path: Assets/Figma/Fonts/Roboto Condensed_700_SDF.asset
  artifactKey: Guid(6a2d29f1e3791244eb935da30f4bbf29) Importer(815301076,1909f56bfc062723c751e8b465ee728b)
Start importing Assets/Figma/Fonts/Roboto Condensed_700_SDF.asset using Guid(6a2d29f1e3791244eb935da30f4bbf29) Importer(815301076,1909f56bfc062723c751e8b465ee728b) (PreviewImporter) -> (artifact id: '78097119d39f98ae36068a1622408c82') in 0.2938849 seconds
Number of updated asset objects reloaded before import = 0Number of asset objects unloaded after import = 6

========================================================================
Received Import Request.
  Time since last request: 26.723149 seconds.
  path: Assets/Scenes/MatDourado.unity
  artifactKey: Guid(8778e4ca32c4cad49bf89f02ebc55be7) Importer(815301076,1909f56bfc062723c751e8b465ee728b)
Start importing Assets/Scenes/MatDourado.unity using Guid(8778e4ca32c4cad49bf89f02ebc55be7) Importer(815301076,1909f56bfc062723c751e8b465ee728b) (PreviewImporter) -> (artifact id: '90a3b560a3485e00a0c461b60b3cb8aa') in 0.0100116 seconds
Number of updated asset objects reloaded before import = 0Number of asset objects unloaded after import = 0

========================================================================
Received Import Request.
  Time since last request: 35.273298 seconds.
  path: Assets/Scenes/MatDouradoRomanos.unity
  artifactKey: Guid(73579ecdc85ac5a46935faaa28504ccd) Importer(815301076,1909f56bfc062723c751e8b465ee728b)
Start importing Assets/Scenes/MatDouradoRomanos.unity using Guid(73579ecdc85ac5a46935faaa28504ccd) Importer(815301076,1909f56bfc062723c751e8b465ee728b) (PreviewImporter) -> (artifact id: '8bb64c73e74a5768bdc8724a790846dc') in 0.0132424 seconds
Number of updated asset objects reloaded before import = 0Number of asset objects unloaded after import = 0

========================================================================
Received Import Request.
  Time since last request: 208.603152 seconds.
  path: Assets/Scenes/Identificacao.unity
  artifactKey: Guid(48ea5baaf64033d49b240817a2efbbf6) Importer(815301076,1909f56bfc062723c751e8b465ee728b)
Start importing Assets/Scenes/Identificacao.unity using Guid(48ea5baaf64033d49b240817a2efbbf6) Importer(815301076,1909f56bfc062723c751e8b465ee728b) (PreviewImporter) -> (artifact id: 'a7cff3dfc951edb57004c78912d73929') in 0.0281545 seconds
Number of updated asset objects reloaded before import = 0Number of asset objects unloaded after import = 0

========================================================================
Received Import Request.
  Time since last request: 877.199976 seconds.
  path: Assets/Scenes/Help.unity
  artifactKey: Guid(0198713c00a87a14a9faef89e0d0a117) Importer(815301076,1909f56bfc062723c751e8b465ee728b)
Start importing Assets/Scenes/Help.unity using Guid(0198713c00a87a14a9faef89e0d0a117) Importer(815301076,1909f56bfc062723c751e8b465ee728b) (PreviewImporter) -> (artifact id: '2b617fbeda6642dc8c50fb8e0d3a8990') in 0.0355912 seconds
Number of updated asset objects reloaded before import = 0Number of asset objects unloaded after import = 0

========================================================================
Received Import Request.
  Time since last request: 13.550855 seconds.
  path: Assets/Scenes/Identificacao.unity
  artifactKey: Guid(48ea5baaf64033d49b240817a2efbbf6) Importer(815301076,1909f56bfc062723c751e8b465ee728b)
Start importing Assets/Scenes/Identificacao.unity using Guid(48ea5baaf64033d49b240817a2efbbf6) Importer(815301076,1909f56bfc062723c751e8b465ee728b) (PreviewImporter) -> (artifact id: '5536cc5fcd3df0c80856a9e32c086d26') in 0.3899831 seconds
Number of updated asset objects reloaded before import = 0Number of asset objects unloaded after import = 0

========================================================================
Received Import Request.
  Time since last request: 291.496776 seconds.
  path: Assets/Scenes/Creditos.unity
  artifactKey: Guid(54543f1c5724f6d478e438dc0dd79770) Importer(815301076,1909f56bfc062723c751e8b465ee728b)
Start importing Assets/Scenes/Creditos.unity using Guid(54543f1c5724f6d478e438dc0dd79770) Importer(815301076,1909f56bfc062723c751e8b465ee728b) (PreviewImporter) -> (artifact id: '5c1bc613a71067e4d0463549fffbd722') in 0.0679701 seconds
Number of updated asset objects reloaded before import = 0Number of asset objects unloaded after import = 0

========================================================================
Received Import Request.
  Time since last request: 660.237379 seconds.
  path: Assets/Scenes/Conquistas.unity
  artifactKey: Guid(dc00d30580a690a498a6f47c7a934982) Importer(815301076,1909f56bfc062723c751e8b465ee728b)
Start importing Assets/Scenes/Conquistas.unity using Guid(dc00d30580a690a498a6f47c7a934982) Importer(815301076,1909f56bfc062723c751e8b465ee728b) (PreviewImporter) -> (artifact id: '3d9419683f04efdcb8dd8f552298293a') in 0.0885291 seconds
Number of updated asset objects reloaded before import = 0Number of asset objects unloaded after import = 0

========================================================================
Received Import Request.
  Time since last request: 339.881086 seconds.
  path: Assets/Scenes/Classificacao.unity
  artifactKey: Guid(85daa2660cd242749b68b352afde5e24) Importer(815301076,1909f56bfc062723c751e8b465ee728b)
Start importing Assets/Scenes/Classificacao.unity using Guid(85daa2660cd242749b68b352afde5e24) Importer(815301076,1909f56bfc062723c751e8b465ee728b) (PreviewImporter) -> (artifact id: '6ba602ce311c8ac3aca6e2c6ca8c76d3') in 0.0929383 seconds
Number of updated asset objects reloaded before import = 0Number of asset objects unloaded after import = 0

========================================================================
Received Import Request.
  Time since last request: 193.091472 seconds.
  path: Assets/Scenes/Aquisicoes.unity
  artifactKey: Guid(f4c78d82d7b749b47a34cb8483fb01c4) Importer(815301076,1909f56bfc062723c751e8b465ee728b)
Start importing Assets/Scenes/Aquisicoes.unity using Guid(f4c78d82d7b749b47a34cb8483fb01c4) Importer(815301076,1909f56bfc062723c751e8b465ee728b) (PreviewImporter) -> (artifact id: '4ab1d02fadcd4db7a108ca1a84e4170b') in 0.1263702 seconds
Number of updated asset objects reloaded before import = 0Number of asset objects unloaded after import = 0

========================================================================
Received Import Request.
  Time since last request: 10.312960 seconds.
  path: Assets/Scenes/Class 1.unity
  artifactKey: Guid(e6401537ded0d1548b6f408ae610f4dd) Importer(815301076,1909f56bfc062723c751e8b465ee728b)
Start importing Assets/Scenes/Class 1.unity using Guid(e6401537ded0d1548b6f408ae610f4dd) Importer(815301076,1909f56bfc062723c751e8b465ee728b) (PreviewImporter) -> (artifact id: '79c9475f9bd69cc71500caaa62eb5329') in 0.0207183 seconds
Number of updated asset objects reloaded before import = 0Number of asset objects unloaded after import = 0

